[0.065s] DEBUG:colcon:Command line arguments: ['/usr/bin/colcon', 'build']
[0.065s] DEBUG:colcon:Parsed command line arguments: Namespace(log_base=None, log_level=None, verb_name='build', build_base='build', install_base='install', merge_install=False, symlink_install=False, test_result_base=None, continue_on_error=False, executor='parallel', parallel_workers=8, event_handlers=None, ignore_user_meta=False, metas=['./colcon.meta'], base_paths=['.'], packages_ignore=None, packages_ignore_regex=None, paths=None, packages_up_to=None, packages_up_to_regex=None, packages_above=None, packages_above_and_dependencies=None, packages_above_depth=None, packages_select_by_dep=None, packages_skip_by_dep=None, packages_skip_up_to=None, packages_select_build_failed=False, packages_skip_build_finished=False, packages_select_test_failures=False, packages_skip_test_passed=False, packages_select=None, packages_skip=None, packages_select_regex=None, packages_skip_regex=None, packages_start=None, packages_end=None, allow_overriding=[], cmake_args=None, cmake_target=None, cmake_target_skip_unavailable=False, cmake_clean_cache=False, cmake_clean_first=False, cmake_force_configure=False, ament_cmake_args=None, catkin_cmake_args=None, catkin_skip_building_tests=False, verb_parser=<colcon_defaults.argument_parser.defaults.DefaultArgumentsDecorator object at 0x743c3656c610>, verb_extension=<colcon_core.verb.build.BuildVerb object at 0x743c3656c0a0>, main=<bound method BuildVerb.main of <colcon_core.verb.build.BuildVerb object at 0x743c3656c0a0>>)
[0.088s] Level 1:colcon.colcon_core.package_discovery:discover_packages(colcon_meta) check parameters
[0.088s] Level 1:colcon.colcon_core.package_discovery:discover_packages(recursive) check parameters
[0.088s] Level 1:colcon.colcon_core.package_discovery:discover_packages(ignore) check parameters
[0.088s] Level 1:colcon.colcon_core.package_discovery:discover_packages(path) check parameters
[0.088s] Level 1:colcon.colcon_core.package_discovery:discover_packages(colcon_meta) discover
[0.088s] Level 1:colcon.colcon_core.package_discovery:discover_packages(recursive) discover
[0.088s] INFO:colcon.colcon_core.package_discovery:Crawling recursively for packages in '/home/wook/amr_ws/camera_with_ROS2'
[0.088s] Level 1:colcon.colcon_core.package_identification:_identify(.) by extensions ['ignore', 'ignore_ament_install']
[0.088s] Level 1:colcon.colcon_core.package_identification:_identify(.) by extension 'ignore'
[0.089s] Level 1:colcon.colcon_core.package_identification:_identify(.) by extension 'ignore_ament_install'
[0.089s] Level 1:colcon.colcon_core.package_identification:_identify(.) by extensions ['colcon_pkg']
[0.089s] Level 1:colcon.colcon_core.package_identification:_identify(.) by extension 'colcon_pkg'
[0.089s] Level 1:colcon.colcon_core.package_identification:_identify(.) by extensions ['colcon_meta']
[0.089s] Level 1:colcon.colcon_core.package_identification:_identify(.) by extension 'colcon_meta'
[0.089s] Level 1:colcon.colcon_core.package_identification:_identify(.) by extensions ['ros']
[0.089s] Level 1:colcon.colcon_core.package_identification:_identify(.) by extension 'ros'
[0.098s] Level 1:colcon.colcon_core.package_identification:_identify(.) by extensions ['cmake', 'python']
[0.098s] Level 1:colcon.colcon_core.package_identification:_identify(.) by extension 'cmake'
[0.098s] Level 1:colcon.colcon_core.package_identification:_identify(.) by extension 'python'
[0.098s] Level 1:colcon.colcon_core.package_identification:_identify(.) by extensions ['python_setup_py']
[0.098s] Level 1:colcon.colcon_core.package_identification:_identify(.) by extension 'python_setup_py'
[0.098s] Level 1:colcon.colcon_core.package_identification:_identify(build) by extensions ['ignore', 'ignore_ament_install']
[0.098s] Level 1:colcon.colcon_core.package_identification:_identify(build) by extension 'ignore'
[0.098s] Level 1:colcon.colcon_core.package_identification:_identify(build) ignored
[0.098s] Level 1:colcon.colcon_core.package_identification:_identify(install) by extensions ['ignore', 'ignore_ament_install']
[0.098s] Level 1:colcon.colcon_core.package_identification:_identify(install) by extension 'ignore'
[0.098s] Level 1:colcon.colcon_core.package_identification:_identify(install) ignored
[0.098s] Level 1:colcon.colcon_core.package_identification:_identify(log) by extensions ['ignore', 'ignore_ament_install']
[0.098s] Level 1:colcon.colcon_core.package_identification:_identify(log) by extension 'ignore'
[0.098s] Level 1:colcon.colcon_core.package_identification:_identify(log) ignored
[0.098s] Level 1:colcon.colcon_core.package_identification:_identify(src) by extensions ['ignore', 'ignore_ament_install']
[0.098s] Level 1:colcon.colcon_core.package_identification:_identify(src) by extension 'ignore'
[0.098s] Level 1:colcon.colcon_core.package_identification:_identify(src) by extension 'ignore_ament_install'
[0.098s] Level 1:colcon.colcon_core.package_identification:_identify(src) by extensions ['colcon_pkg']
[0.098s] Level 1:colcon.colcon_core.package_identification:_identify(src) by extension 'colcon_pkg'
[0.098s] Level 1:colcon.colcon_core.package_identification:_identify(src) by extensions ['colcon_meta']
[0.098s] Level 1:colcon.colcon_core.package_identification:_identify(src) by extension 'colcon_meta'
[0.098s] Level 1:colcon.colcon_core.package_identification:_identify(src) by extensions ['ros']
[0.098s] Level 1:colcon.colcon_core.package_identification:_identify(src) by extension 'ros'
[0.098s] Level 1:colcon.colcon_core.package_identification:_identify(src) by extensions ['cmake', 'python']
[0.098s] Level 1:colcon.colcon_core.package_identification:_identify(src) by extension 'cmake'
[0.099s] Level 1:colcon.colcon_core.package_identification:_identify(src) by extension 'python'
[0.099s] Level 1:colcon.colcon_core.package_identification:_identify(src) by extensions ['python_setup_py']
[0.099s] Level 1:colcon.colcon_core.package_identification:_identify(src) by extension 'python_setup_py'
[0.099s] Level 1:colcon.colcon_core.package_identification:_identify(src/camera_oneday) by extensions ['ignore', 'ignore_ament_install']
[0.099s] Level 1:colcon.colcon_core.package_identification:_identify(src/camera_oneday) by extension 'ignore'
[0.099s] Level 1:colcon.colcon_core.package_identification:_identify(src/camera_oneday) by extension 'ignore_ament_install'
[0.099s] Level 1:colcon.colcon_core.package_identification:_identify(src/camera_oneday) by extensions ['colcon_pkg']
[0.099s] Level 1:colcon.colcon_core.package_identification:_identify(src/camera_oneday) by extension 'colcon_pkg'
[0.099s] Level 1:colcon.colcon_core.package_identification:_identify(src/camera_oneday) by extensions ['colcon_meta']
[0.099s] Level 1:colcon.colcon_core.package_identification:_identify(src/camera_oneday) by extension 'colcon_meta'
[0.099s] Level 1:colcon.colcon_core.package_identification:_identify(src/camera_oneday) by extensions ['ros']
[0.099s] Level 1:colcon.colcon_core.package_identification:_identify(src/camera_oneday) by extension 'ros'
[0.100s] DEBUG:colcon.colcon_core.package_identification:Package 'src/camera_oneday' with type 'ros.ament_python' and name 'camera_oneday'
[0.100s] Level 1:colcon.colcon_core.package_identification:_identify(src/camera_oneday_msgs) by extensions ['ignore', 'ignore_ament_install']
[0.100s] Level 1:colcon.colcon_core.package_identification:_identify(src/camera_oneday_msgs) by extension 'ignore'
[0.100s] Level 1:colcon.colcon_core.package_identification:_identify(src/camera_oneday_msgs) by extension 'ignore_ament_install'
[0.100s] Level 1:colcon.colcon_core.package_identification:_identify(src/camera_oneday_msgs) by extensions ['colcon_pkg']
[0.100s] Level 1:colcon.colcon_core.package_identification:_identify(src/camera_oneday_msgs) by extension 'colcon_pkg'
[0.100s] Level 1:colcon.colcon_core.package_identification:_identify(src/camera_oneday_msgs) by extensions ['colcon_meta']
[0.100s] Level 1:colcon.colcon_core.package_identification:_identify(src/camera_oneday_msgs) by extension 'colcon_meta'
[0.101s] Level 1:colcon.colcon_core.package_identification:_identify(src/camera_oneday_msgs) by extensions ['ros']
[0.101s] Level 1:colcon.colcon_core.package_identification:_identify(src/camera_oneday_msgs) by extension 'ros'
[0.101s] DEBUG:colcon.colcon_core.package_identification:Package 'src/camera_oneday_msgs' with type 'ros.ament_cmake' and name 'camera_oneday_msgs'
[0.101s] Level 1:colcon.colcon_core.package_discovery:discover_packages(recursive) using defaults
[0.101s] Level 1:colcon.colcon_core.package_discovery:discover_packages(ignore) discover
[0.101s] Level 1:colcon.colcon_core.package_discovery:discover_packages(ignore) using defaults
[0.101s] Level 1:colcon.colcon_core.package_discovery:discover_packages(path) discover
[0.101s] Level 1:colcon.colcon_core.package_discovery:discover_packages(path) using defaults
[0.113s] Level 1:colcon.colcon_core.package_discovery:discover_packages(prefix_path) check parameters
[0.113s] Level 1:colcon.colcon_core.package_discovery:discover_packages(prefix_path) discover
[0.114s] WARNING:colcon.colcon_ros.prefix_path.ament:The path '/home/wook/amr_ws/camera_with_ROS2/install/opencv_tutorials' in the environment variable AMENT_PREFIX_PATH doesn't exist
[0.114s] DEBUG:colcon.colcon_installed_package_information.package_discovery:Found 1 installed packages in /home/wook/amr_ws/camera_with_ROS2/install
[0.115s] DEBUG:colcon.colcon_installed_package_information.package_discovery:Found 11 installed packages in /home/wook/dev_ws/install
[0.116s] DEBUG:colcon.colcon_installed_package_information.package_discovery:Found 405 installed packages in /opt/ros/humble
[0.117s] Level 1:colcon.colcon_core.package_discovery:discover_packages(prefix_path) using defaults
[0.148s] Level 5:colcon.colcon_core.verb:set package 'camera_oneday' build argument 'cmake_args' from command line to 'None'
[0.148s] Level 5:colcon.colcon_core.verb:set package 'camera_oneday' build argument 'cmake_target' from command line to 'None'
[0.148s] Level 5:colcon.colcon_core.verb:set package 'camera_oneday' build argument 'cmake_target_skip_unavailable' from command line to 'False'
[0.148s] Level 5:colcon.colcon_core.verb:set package 'camera_oneday' build argument 'cmake_clean_cache' from command line to 'False'
[0.148s] Level 5:colcon.colcon_core.verb:set package 'camera_oneday' build argument 'cmake_clean_first' from command line to 'False'
[0.148s] Level 5:colcon.colcon_core.verb:set package 'camera_oneday' build argument 'cmake_force_configure' from command line to 'False'
[0.148s] Level 5:colcon.colcon_core.verb:set package 'camera_oneday' build argument 'ament_cmake_args' from command line to 'None'
[0.148s] Level 5:colcon.colcon_core.verb:set package 'camera_oneday' build argument 'catkin_cmake_args' from command line to 'None'
[0.148s] Level 5:colcon.colcon_core.verb:set package 'camera_oneday' build argument 'catkin_skip_building_tests' from command line to 'False'
[0.148s] DEBUG:colcon.colcon_core.verb:Building package 'camera_oneday' with the following arguments: {'ament_cmake_args': None, 'build_base': '/home/wook/amr_ws/camera_with_ROS2/build/camera_oneday', 'catkin_cmake_args': None, 'catkin_skip_building_tests': False, 'cmake_args': None, 'cmake_clean_cache': False, 'cmake_clean_first': False, 'cmake_force_configure': False, 'cmake_target': None, 'cmake_target_skip_unavailable': False, 'install_base': '/home/wook/amr_ws/camera_with_ROS2/install/camera_oneday', 'merge_install': False, 'path': '/home/wook/amr_ws/camera_with_ROS2/src/camera_oneday', 'symlink_install': False, 'test_result_base': None}
[0.148s] Level 5:colcon.colcon_core.verb:set package 'camera_oneday_msgs' build argument 'cmake_args' from command line to 'None'
[0.148s] Level 5:colcon.colcon_core.verb:set package 'camera_oneday_msgs' build argument 'cmake_target' from command line to 'None'
[0.148s] Level 5:colcon.colcon_core.verb:set package 'camera_oneday_msgs' build argument 'cmake_target_skip_unavailable' from command line to 'False'
[0.148s] Level 5:colcon.colcon_core.verb:set package 'camera_oneday_msgs' build argument 'cmake_clean_cache' from command line to 'False'
[0.148s] Level 5:colcon.colcon_core.verb:set package 'camera_oneday_msgs' build argument 'cmake_clean_first' from command line to 'False'
[0.148s] Level 5:colcon.colcon_core.verb:set package 'camera_oneday_msgs' build argument 'cmake_force_configure' from command line to 'False'
[0.148s] Level 5:colcon.colcon_core.verb:set package 'camera_oneday_msgs' build argument 'ament_cmake_args' from command line to 'None'
[0.148s] Level 5:colcon.colcon_core.verb:set package 'camera_oneday_msgs' build argument 'catkin_cmake_args' from command line to 'None'
[0.148s] Level 5:colcon.colcon_core.verb:set package 'camera_oneday_msgs' build argument 'catkin_skip_building_tests' from command line to 'False'
[0.148s] DEBUG:colcon.colcon_core.verb:Building package 'camera_oneday_msgs' with the following arguments: {'ament_cmake_args': None, 'build_base': '/home/wook/amr_ws/camera_with_ROS2/build/camera_oneday_msgs', 'catkin_cmake_args': None, 'catkin_skip_building_tests': False, 'cmake_args': None, 'cmake_clean_cache': False, 'cmake_clean_first': False, 'cmake_force_configure': False, 'cmake_target': None, 'cmake_target_skip_unavailable': False, 'install_base': '/home/wook/amr_ws/camera_with_ROS2/install/camera_oneday_msgs', 'merge_install': False, 'path': '/home/wook/amr_ws/camera_with_ROS2/src/camera_oneday_msgs', 'symlink_install': False, 'test_result_base': None}
[0.148s] INFO:colcon.colcon_core.executor:Executing jobs using 'parallel' executor
[0.149s] DEBUG:colcon.colcon_parallel_executor.executor.parallel:run_until_complete
[0.149s] INFO:colcon.colcon_ros.task.ament_python.build:Building ROS package in '/home/wook/amr_ws/camera_with_ROS2/src/camera_oneday' with build type 'ament_python'
[0.149s] Level 1:colcon.colcon_core.shell:create_environment_hook('camera_oneday', 'ament_prefix_path')
[0.151s] INFO:colcon.colcon_core.plugin_system:Skipping extension 'colcon_core.shell.bat': Not used on non-Windows systems
[0.151s] INFO:colcon.colcon_core.shell:Creating environment hook '/home/wook/amr_ws/camera_with_ROS2/install/camera_oneday/share/camera_oneday/hook/ament_prefix_path.ps1'
[0.151s] INFO:colcon.colcon_core.shell:Creating environment descriptor '/home/wook/amr_ws/camera_with_ROS2/install/camera_oneday/share/camera_oneday/hook/ament_prefix_path.dsv'
[0.151s] INFO:colcon.colcon_core.shell:Creating environment hook '/home/wook/amr_ws/camera_with_ROS2/install/camera_oneday/share/camera_oneday/hook/ament_prefix_path.sh'
[0.152s] INFO:colcon.colcon_core.shell:Skip shell extension 'powershell' for command environment: Not usable outside of PowerShell
[0.152s] DEBUG:colcon.colcon_core.shell:Skip shell extension 'dsv' for command environment
[0.155s] INFO:colcon.colcon_ros.task.ament_cmake.build:Building ROS package in '/home/wook/amr_ws/camera_with_ROS2/src/camera_oneday_msgs' with build type 'ament_cmake'
[0.155s] INFO:colcon.colcon_cmake.task.cmake.build:Building CMake package in '/home/wook/amr_ws/camera_with_ROS2/src/camera_oneday_msgs'
[0.155s] INFO:colcon.colcon_core.shell:Skip shell extension 'powershell' for command environment: Not usable outside of PowerShell
[0.155s] DEBUG:colcon.colcon_core.shell:Skip shell extension 'dsv' for command environment
[0.291s] INFO:colcon.colcon_core.task.python.build:Building Python package in '/home/wook/amr_ws/camera_with_ROS2/src/camera_oneday'
[0.291s] INFO:colcon.colcon_core.shell:Skip shell extension 'powershell' for command environment: Not usable outside of PowerShell
[0.291s] DEBUG:colcon.colcon_core.shell:Skip shell extension 'dsv' for command environment
[0.297s] DEBUG:colcon.colcon_core.event_handler.log_command:Invoking command in '/home/wook/amr_ws/camera_with_ROS2/build/camera_oneday_msgs': CMAKE_PREFIX_PATH=${CMAKE_PREFIX_PATH}:/home/wook/amr_ws/camera_with_ROS2/install/opencv_tutorials:/home/wook/dev_ws/install/turtlebot3_teleop:/opt/ros/humble /usr/bin/cmake --build /home/wook/amr_ws/camera_with_ROS2/build/camera_oneday_msgs -- -j8 -l8
[0.583s] DEBUG:colcon.colcon_core.event_handler.log_command:Invoked command in '/home/wook/amr_ws/camera_with_ROS2/build/camera_oneday_msgs' returned '0': CMAKE_PREFIX_PATH=${CMAKE_PREFIX_PATH}:/home/wook/amr_ws/camera_with_ROS2/install/opencv_tutorials:/home/wook/dev_ws/install/turtlebot3_teleop:/opt/ros/humble /usr/bin/cmake --build /home/wook/amr_ws/camera_with_ROS2/build/camera_oneday_msgs -- -j8 -l8
[0.641s] DEBUG:colcon.colcon_core.event_handler.log_command:Invoking command in '/home/wook/amr_ws/camera_with_ROS2/build/camera_oneday_msgs': CMAKE_PREFIX_PATH=${CMAKE_PREFIX_PATH}:/home/wook/amr_ws/camera_with_ROS2/install/opencv_tutorials:/home/wook/dev_ws/install/turtlebot3_teleop:/opt/ros/humble /usr/bin/cmake --install /home/wook/amr_ws/camera_with_ROS2/build/camera_oneday_msgs
[0.700s] Level 1:colcon.colcon_core.environment:create_environment_scripts_only(camera_oneday_msgs)
[0.701s] DEBUG:colcon.colcon_core.event_handler.log_command:Invoked command in '/home/wook/amr_ws/camera_with_ROS2/build/camera_oneday_msgs' returned '0': CMAKE_PREFIX_PATH=${CMAKE_PREFIX_PATH}:/home/wook/amr_ws/camera_with_ROS2/install/opencv_tutorials:/home/wook/dev_ws/install/turtlebot3_teleop:/opt/ros/humble /usr/bin/cmake --install /home/wook/amr_ws/camera_with_ROS2/build/camera_oneday_msgs
[0.703s] Level 1:colcon.colcon_core.environment:checking '/home/wook/amr_ws/camera_with_ROS2/install/camera_oneday_msgs' for CMake module files
[0.703s] Level 1:colcon.colcon_core.environment:checking '/home/wook/amr_ws/camera_with_ROS2/install/camera_oneday_msgs' for CMake config files
[0.704s] Level 1:colcon.colcon_core.shell:create_environment_hook('camera_oneday_msgs', 'cmake_prefix_path')
[0.704s] INFO:colcon.colcon_core.shell:Creating environment hook '/home/wook/amr_ws/camera_with_ROS2/install/camera_oneday_msgs/share/camera_oneday_msgs/hook/cmake_prefix_path.ps1'
[0.705s] INFO:colcon.colcon_core.shell:Creating environment descriptor '/home/wook/amr_ws/camera_with_ROS2/install/camera_oneday_msgs/share/camera_oneday_msgs/hook/cmake_prefix_path.dsv'
[0.705s] INFO:colcon.colcon_core.shell:Creating environment hook '/home/wook/amr_ws/camera_with_ROS2/install/camera_oneday_msgs/share/camera_oneday_msgs/hook/cmake_prefix_path.sh'
[0.705s] Level 1:colcon.colcon_core.environment:checking '/home/wook/amr_ws/camera_with_ROS2/install/camera_oneday_msgs/lib'
[0.706s] Level 1:colcon.colcon_core.shell:create_environment_hook('camera_oneday_msgs', 'ld_library_path_lib')
[0.706s] INFO:colcon.colcon_core.shell:Creating environment hook '/home/wook/amr_ws/camera_with_ROS2/install/camera_oneday_msgs/share/camera_oneday_msgs/hook/ld_library_path_lib.ps1'
[0.706s] INFO:colcon.colcon_core.shell:Creating environment descriptor '/home/wook/amr_ws/camera_with_ROS2/install/camera_oneday_msgs/share/camera_oneday_msgs/hook/ld_library_path_lib.dsv'
[0.706s] INFO:colcon.colcon_core.shell:Creating environment hook '/home/wook/amr_ws/camera_with_ROS2/install/camera_oneday_msgs/share/camera_oneday_msgs/hook/ld_library_path_lib.sh'
[0.706s] Level 1:colcon.colcon_core.environment:checking '/home/wook/amr_ws/camera_with_ROS2/install/camera_oneday_msgs/bin'
[0.706s] Level 1:colcon.colcon_core.environment:checking '/home/wook/amr_ws/camera_with_ROS2/install/camera_oneday_msgs/lib/pkgconfig/camera_oneday_msgs.pc'
[0.707s] Level 1:colcon.colcon_core.environment:checking '/home/wook/amr_ws/camera_with_ROS2/install/camera_oneday_msgs/lib/python3.10/site-packages'
[0.707s] Level 1:colcon.colcon_core.environment:checking '/home/wook/amr_ws/camera_with_ROS2/install/camera_oneday_msgs/bin'
[0.707s] INFO:colcon.colcon_core.shell:Creating package script '/home/wook/amr_ws/camera_with_ROS2/install/camera_oneday_msgs/share/camera_oneday_msgs/package.ps1'
[0.708s] INFO:colcon.colcon_core.shell:Creating package descriptor '/home/wook/amr_ws/camera_with_ROS2/install/camera_oneday_msgs/share/camera_oneday_msgs/package.dsv'
[0.708s] INFO:colcon.colcon_core.shell:Creating package script '/home/wook/amr_ws/camera_with_ROS2/install/camera_oneday_msgs/share/camera_oneday_msgs/package.sh'
[0.709s] INFO:colcon.colcon_core.shell:Creating package script '/home/wook/amr_ws/camera_with_ROS2/install/camera_oneday_msgs/share/camera_oneday_msgs/package.bash'
[0.709s] INFO:colcon.colcon_core.shell:Creating package script '/home/wook/amr_ws/camera_with_ROS2/install/camera_oneday_msgs/share/camera_oneday_msgs/package.zsh'
[0.710s] Level 1:colcon.colcon_core.environment:create_file_with_runtime_dependencies(/home/wook/amr_ws/camera_with_ROS2/install/camera_oneday_msgs/share/colcon-core/packages/camera_oneday_msgs)
[0.774s] Level 1:colcon.colcon_core.environment:create_environment_scripts_only(camera_oneday_msgs)
[0.774s] Level 1:colcon.colcon_core.environment:checking '/home/wook/amr_ws/camera_with_ROS2/install/camera_oneday_msgs' for CMake module files
[0.775s] Level 1:colcon.colcon_core.environment:checking '/home/wook/amr_ws/camera_with_ROS2/install/camera_oneday_msgs' for CMake config files
[0.775s] Level 1:colcon.colcon_core.shell:create_environment_hook('camera_oneday_msgs', 'cmake_prefix_path')
[0.776s] INFO:colcon.colcon_core.shell:Creating environment hook '/home/wook/amr_ws/camera_with_ROS2/install/camera_oneday_msgs/share/camera_oneday_msgs/hook/cmake_prefix_path.ps1'
[0.776s] INFO:colcon.colcon_core.shell:Creating environment descriptor '/home/wook/amr_ws/camera_with_ROS2/install/camera_oneday_msgs/share/camera_oneday_msgs/hook/cmake_prefix_path.dsv'
[0.776s] INFO:colcon.colcon_core.shell:Creating environment hook '/home/wook/amr_ws/camera_with_ROS2/install/camera_oneday_msgs/share/camera_oneday_msgs/hook/cmake_prefix_path.sh'
[0.777s] Level 1:colcon.colcon_core.environment:checking '/home/wook/amr_ws/camera_with_ROS2/install/camera_oneday_msgs/lib'
[0.777s] Level 1:colcon.colcon_core.shell:create_environment_hook('camera_oneday_msgs', 'ld_library_path_lib')
[0.777s] INFO:colcon.colcon_core.shell:Creating environment hook '/home/wook/amr_ws/camera_with_ROS2/install/camera_oneday_msgs/share/camera_oneday_msgs/hook/ld_library_path_lib.ps1'
[0.778s] INFO:colcon.colcon_core.shell:Creating environment descriptor '/home/wook/amr_ws/camera_with_ROS2/install/camera_oneday_msgs/share/camera_oneday_msgs/hook/ld_library_path_lib.dsv'
[0.778s] INFO:colcon.colcon_core.shell:Creating environment hook '/home/wook/amr_ws/camera_with_ROS2/install/camera_oneday_msgs/share/camera_oneday_msgs/hook/ld_library_path_lib.sh'
[0.778s] Level 1:colcon.colcon_core.environment:checking '/home/wook/amr_ws/camera_with_ROS2/install/camera_oneday_msgs/bin'
[0.778s] Level 1:colcon.colcon_core.environment:checking '/home/wook/amr_ws/camera_with_ROS2/install/camera_oneday_msgs/lib/pkgconfig/camera_oneday_msgs.pc'
[0.779s] Level 1:colcon.colcon_core.environment:checking '/home/wook/amr_ws/camera_with_ROS2/install/camera_oneday_msgs/lib/python3.10/site-packages'
[0.779s] Level 1:colcon.colcon_core.environment:checking '/home/wook/amr_ws/camera_with_ROS2/install/camera_oneday_msgs/bin'
[0.779s] INFO:colcon.colcon_core.shell:Creating package script '/home/wook/amr_ws/camera_with_ROS2/install/camera_oneday_msgs/share/camera_oneday_msgs/package.ps1'
[0.780s] INFO:colcon.colcon_core.shell:Creating package descriptor '/home/wook/amr_ws/camera_with_ROS2/install/camera_oneday_msgs/share/camera_oneday_msgs/package.dsv'
[0.780s] INFO:colcon.colcon_core.shell:Creating package script '/home/wook/amr_ws/camera_with_ROS2/install/camera_oneday_msgs/share/camera_oneday_msgs/package.sh'
[0.781s] INFO:colcon.colcon_core.shell:Creating package script '/home/wook/amr_ws/camera_with_ROS2/install/camera_oneday_msgs/share/camera_oneday_msgs/package.bash'
[0.781s] INFO:colcon.colcon_core.shell:Creating package script '/home/wook/amr_ws/camera_with_ROS2/install/camera_oneday_msgs/share/camera_oneday_msgs/package.zsh'
[0.781s] Level 1:colcon.colcon_core.environment:create_file_with_runtime_dependencies(/home/wook/amr_ws/camera_with_ROS2/install/camera_oneday_msgs/share/colcon-core/packages/camera_oneday_msgs)
[0.808s] DEBUG:colcon.colcon_core.event_handler.log_command:Invoking command in '/home/wook/amr_ws/camera_with_ROS2/src/camera_oneday': PYTHONPATH=/home/wook/amr_ws/camera_with_ROS2/build/camera_oneday/prefix_override:/home/wook/amr_ws/camera_with_ROS2/install/camera_oneday/lib/python3.10/site-packages:${PYTHONPATH} /usr/bin/python3 -W ignore:setup.py install is deprecated setup.py egg_info --egg-base ../../build/camera_oneday build --build-base /home/wook/amr_ws/camera_with_ROS2/build/camera_oneday/build install --record /home/wook/amr_ws/camera_with_ROS2/build/camera_oneday/install.log --single-version-externally-managed install_data
[1.168s] Level 1:colcon.colcon_core.environment:checking '/home/wook/amr_ws/camera_with_ROS2/install/camera_oneday' for CMake module files
[1.168s] DEBUG:colcon.colcon_core.event_handler.log_command:Invoked command in '/home/wook/amr_ws/camera_with_ROS2/src/camera_oneday' returned '0': PYTHONPATH=/home/wook/amr_ws/camera_with_ROS2/build/camera_oneday/prefix_override:/home/wook/amr_ws/camera_with_ROS2/install/camera_oneday/lib/python3.10/site-packages:${PYTHONPATH} /usr/bin/python3 -W ignore:setup.py install is deprecated setup.py egg_info --egg-base ../../build/camera_oneday build --build-base /home/wook/amr_ws/camera_with_ROS2/build/camera_oneday/build install --record /home/wook/amr_ws/camera_with_ROS2/build/camera_oneday/install.log --single-version-externally-managed install_data
[1.169s] Level 1:colcon.colcon_core.environment:checking '/home/wook/amr_ws/camera_with_ROS2/install/camera_oneday' for CMake config files
[1.169s] Level 1:colcon.colcon_core.environment:checking '/home/wook/amr_ws/camera_with_ROS2/install/camera_oneday/lib'
[1.169s] Level 1:colcon.colcon_core.environment:checking '/home/wook/amr_ws/camera_with_ROS2/install/camera_oneday/bin'
[1.169s] Level 1:colcon.colcon_core.environment:checking '/home/wook/amr_ws/camera_with_ROS2/install/camera_oneday/lib/pkgconfig/camera_oneday.pc'
[1.169s] Level 1:colcon.colcon_core.environment:checking '/home/wook/amr_ws/camera_with_ROS2/install/camera_oneday/lib/python3.10/site-packages'
[1.169s] Level 1:colcon.colcon_core.shell:create_environment_hook('camera_oneday', 'pythonpath')
[1.169s] INFO:colcon.colcon_core.shell:Creating environment hook '/home/wook/amr_ws/camera_with_ROS2/install/camera_oneday/share/camera_oneday/hook/pythonpath.ps1'
[1.170s] INFO:colcon.colcon_core.shell:Creating environment descriptor '/home/wook/amr_ws/camera_with_ROS2/install/camera_oneday/share/camera_oneday/hook/pythonpath.dsv'
[1.170s] INFO:colcon.colcon_core.shell:Creating environment hook '/home/wook/amr_ws/camera_with_ROS2/install/camera_oneday/share/camera_oneday/hook/pythonpath.sh'
[1.170s] Level 1:colcon.colcon_core.environment:checking '/home/wook/amr_ws/camera_with_ROS2/install/camera_oneday/bin'
[1.170s] Level 1:colcon.colcon_core.environment:create_environment_scripts_only(camera_oneday)
[1.170s] INFO:colcon.colcon_core.shell:Creating package script '/home/wook/amr_ws/camera_with_ROS2/install/camera_oneday/share/camera_oneday/package.ps1'
[1.171s] INFO:colcon.colcon_core.shell:Creating package descriptor '/home/wook/amr_ws/camera_with_ROS2/install/camera_oneday/share/camera_oneday/package.dsv'
[1.171s] INFO:colcon.colcon_core.shell:Creating package script '/home/wook/amr_ws/camera_with_ROS2/install/camera_oneday/share/camera_oneday/package.sh'
[1.171s] INFO:colcon.colcon_core.shell:Creating package script '/home/wook/amr_ws/camera_with_ROS2/install/camera_oneday/share/camera_oneday/package.bash'
[1.171s] INFO:colcon.colcon_core.shell:Creating package script '/home/wook/amr_ws/camera_with_ROS2/install/camera_oneday/share/camera_oneday/package.zsh'
[1.171s] Level 1:colcon.colcon_core.environment:create_file_with_runtime_dependencies(/home/wook/amr_ws/camera_with_ROS2/install/camera_oneday/share/colcon-core/packages/camera_oneday)
[1.171s] DEBUG:colcon.colcon_parallel_executor.executor.parallel:closing loop
[1.172s] DEBUG:colcon.colcon_parallel_executor.executor.parallel:loop closed
[1.172s] DEBUG:colcon.colcon_parallel_executor.executor.parallel:run_until_complete finished with '0'
[1.172s] DEBUG:colcon.colcon_core.event_reactor:joining thread
[1.176s] INFO:colcon.colcon_core.plugin_system:Skipping extension 'colcon_notification.desktop_notification.terminal_notifier': Not used on non-Darwin systems
[1.176s] INFO:colcon.colcon_core.plugin_system:Skipping extension 'colcon_notification.desktop_notification.win32': Not used on non-Windows systems
[1.176s] INFO:colcon.colcon_notification.desktop_notification:Sending desktop notification using 'notify2'
[1.184s] DEBUG:colcon.colcon_core.event_reactor:joined thread
[1.184s] INFO:colcon.colcon_core.shell:Creating prefix script '/home/wook/amr_ws/camera_with_ROS2/install/local_setup.ps1'
[1.185s] INFO:colcon.colcon_core.shell:Creating prefix util module '/home/wook/amr_ws/camera_with_ROS2/install/_local_setup_util_ps1.py'
[1.186s] INFO:colcon.colcon_core.shell:Creating prefix chain script '/home/wook/amr_ws/camera_with_ROS2/install/setup.ps1'
[1.186s] INFO:colcon.colcon_core.shell:Creating prefix script '/home/wook/amr_ws/camera_with_ROS2/install/local_setup.sh'
[1.187s] INFO:colcon.colcon_core.shell:Creating prefix util module '/home/wook/amr_ws/camera_with_ROS2/install/_local_setup_util_sh.py'
[1.187s] INFO:colcon.colcon_core.shell:Creating prefix chain script '/home/wook/amr_ws/camera_with_ROS2/install/setup.sh'
[1.188s] INFO:colcon.colcon_core.shell:Creating prefix script '/home/wook/amr_ws/camera_with_ROS2/install/local_setup.bash'
[1.188s] INFO:colcon.colcon_core.shell:Creating prefix chain script '/home/wook/amr_ws/camera_with_ROS2/install/setup.bash'
[1.189s] INFO:colcon.colcon_core.shell:Creating prefix script '/home/wook/amr_ws/camera_with_ROS2/install/local_setup.zsh'
[1.189s] INFO:colcon.colcon_core.shell:Creating prefix chain script '/home/wook/amr_ws/camera_with_ROS2/install/setup.zsh'
