/home/wook/amr_ws/camera_with_ROS2/install/camera_oneday/lib/python3.10/site-packages/camera_oneday/combined_publisher.py
/home/wook/amr_ws/camera_with_ROS2/install/camera_oneday/lib/python3.10/site-packages/camera_oneday/green_publisher.py
/home/wook/amr_ws/camera_with_ROS2/install/camera_oneday/lib/python3.10/site-packages/camera_oneday/optical_publisher.py
/home/wook/amr_ws/camera_with_ROS2/install/camera_oneday/lib/python3.10/site-packages/camera_oneday/binary_publisher.py
/home/wook/amr_ws/camera_with_ROS2/install/camera_oneday/lib/python3.10/site-packages/camera_oneday/img_publisher.py
/home/wook/amr_ws/camera_with_ROS2/install/camera_oneday/lib/python3.10/site-packages/camera_oneday/red_publisher.py
/home/wook/amr_ws/camera_with_ROS2/install/camera_oneday/lib/python3.10/site-packages/camera_oneday/blue_publisher.py
/home/wook/amr_ws/camera_with_ROS2/install/camera_oneday/lib/python3.10/site-packages/camera_oneday/__init__.py
/home/wook/amr_ws/camera_with_ROS2/install/camera_oneday/lib/python3.10/site-packages/camera_oneday/canny_publisher.py
/home/wook/amr_ws/camera_with_ROS2/install/camera_oneday/lib/python3.10/site-packages/camera_oneday/blur_publisher.py
/home/wook/amr_ws/camera_with_ROS2/install/camera_oneday/lib/python3.10/site-packages/camera_oneday/cartoon_publisher.py
/home/wook/amr_ws/camera_with_ROS2/install/camera_oneday/lib/python3.10/site-packages/camera_oneday/camera_server.py
/home/wook/amr_ws/camera_with_ROS2/install/camera_oneday/lib/python3.10/site-packages/camera_oneday/edge_publisher.py
/home/wook/amr_ws/camera_with_ROS2/install/camera_oneday/lib/python3.10/site-packages/camera_oneday/control_publisher.py
/home/wook/amr_ws/camera_with_ROS2/install/camera_oneday/lib/python3.10/site-packages/camera_oneday/__pycache__/combined_publisher.cpython-310.pyc
/home/wook/amr_ws/camera_with_ROS2/install/camera_oneday/lib/python3.10/site-packages/camera_oneday/__pycache__/green_publisher.cpython-310.pyc
/home/wook/amr_ws/camera_with_ROS2/install/camera_oneday/lib/python3.10/site-packages/camera_oneday/__pycache__/optical_publisher.cpython-310.pyc
/home/wook/amr_ws/camera_with_ROS2/install/camera_oneday/lib/python3.10/site-packages/camera_oneday/__pycache__/binary_publisher.cpython-310.pyc
/home/wook/amr_ws/camera_with_ROS2/install/camera_oneday/lib/python3.10/site-packages/camera_oneday/__pycache__/img_publisher.cpython-310.pyc
/home/wook/amr_ws/camera_with_ROS2/install/camera_oneday/lib/python3.10/site-packages/camera_oneday/__pycache__/red_publisher.cpython-310.pyc
/home/wook/amr_ws/camera_with_ROS2/install/camera_oneday/lib/python3.10/site-packages/camera_oneday/__pycache__/blue_publisher.cpython-310.pyc
/home/wook/amr_ws/camera_with_ROS2/install/camera_oneday/lib/python3.10/site-packages/camera_oneday/__pycache__/__init__.cpython-310.pyc
/home/wook/amr_ws/camera_with_ROS2/install/camera_oneday/lib/python3.10/site-packages/camera_oneday/__pycache__/canny_publisher.cpython-310.pyc
/home/wook/amr_ws/camera_with_ROS2/install/camera_oneday/lib/python3.10/site-packages/camera_oneday/__pycache__/blur_publisher.cpython-310.pyc
/home/wook/amr_ws/camera_with_ROS2/install/camera_oneday/lib/python3.10/site-packages/camera_oneday/__pycache__/cartoon_publisher.cpython-310.pyc
/home/wook/amr_ws/camera_with_ROS2/install/camera_oneday/lib/python3.10/site-packages/camera_oneday/__pycache__/camera_server.cpython-310.pyc
/home/wook/amr_ws/camera_with_ROS2/install/camera_oneday/lib/python3.10/site-packages/camera_oneday/__pycache__/edge_publisher.cpython-310.pyc
/home/wook/amr_ws/camera_with_ROS2/install/camera_oneday/lib/python3.10/site-packages/camera_oneday/__pycache__/control_publisher.cpython-310.pyc
/home/wook/amr_ws/camera_with_ROS2/install/camera_oneday/share/ament_index/resource_index/packages/camera_oneday
/home/wook/amr_ws/camera_with_ROS2/install/camera_oneday/share/camera_oneday/package.xml
/home/wook/amr_ws/camera_with_ROS2/install/camera_oneday/share/camera_oneday/launch/camera.launch.py
/home/wook/amr_ws/camera_with_ROS2/install/camera_oneday/share/camera_oneday/param/binary.yaml
/home/wook/amr_ws/camera_with_ROS2/install/camera_oneday/share/camera_oneday/param/filter.yaml
/home/wook/amr_ws/camera_with_ROS2/install/camera_oneday/share/camera_oneday/param/size.yaml
/home/wook/amr_ws/camera_with_ROS2/install/camera_oneday/lib/python3.10/site-packages/camera_oneday-0.0.0-py3.10.egg-info/zip-safe
/home/wook/amr_ws/camera_with_ROS2/install/camera_oneday/lib/python3.10/site-packages/camera_oneday-0.0.0-py3.10.egg-info/PKG-INFO
/home/wook/amr_ws/camera_with_ROS2/install/camera_oneday/lib/python3.10/site-packages/camera_oneday-0.0.0-py3.10.egg-info/entry_points.txt
/home/wook/amr_ws/camera_with_ROS2/install/camera_oneday/lib/python3.10/site-packages/camera_oneday-0.0.0-py3.10.egg-info/dependency_links.txt
/home/wook/amr_ws/camera_with_ROS2/install/camera_oneday/lib/python3.10/site-packages/camera_oneday-0.0.0-py3.10.egg-info/requires.txt
/home/wook/amr_ws/camera_with_ROS2/install/camera_oneday/lib/python3.10/site-packages/camera_oneday-0.0.0-py3.10.egg-info/SOURCES.txt
/home/wook/amr_ws/camera_with_ROS2/install/camera_oneday/lib/python3.10/site-packages/camera_oneday-0.0.0-py3.10.egg-info/top_level.txt
/home/wook/amr_ws/camera_with_ROS2/install/camera_oneday/lib/camera_oneday/binary_publisher
/home/wook/amr_ws/camera_with_ROS2/install/camera_oneday/lib/camera_oneday/blue_publisher
/home/wook/amr_ws/camera_with_ROS2/install/camera_oneday/lib/camera_oneday/blur_publisher
/home/wook/amr_ws/camera_with_ROS2/install/camera_oneday/lib/camera_oneday/camera_server
/home/wook/amr_ws/camera_with_ROS2/install/camera_oneday/lib/camera_oneday/canny_publisher
/home/wook/amr_ws/camera_with_ROS2/install/camera_oneday/lib/camera_oneday/cartoon_publisher
/home/wook/amr_ws/camera_with_ROS2/install/camera_oneday/lib/camera_oneday/combined_publisher
/home/wook/amr_ws/camera_with_ROS2/install/camera_oneday/lib/camera_oneday/control_publisher
/home/wook/amr_ws/camera_with_ROS2/install/camera_oneday/lib/camera_oneday/edge_publisher
/home/wook/amr_ws/camera_with_ROS2/install/camera_oneday/lib/camera_oneday/green_publisher
/home/wook/amr_ws/camera_with_ROS2/install/camera_oneday/lib/camera_oneday/img_publisher
/home/wook/amr_ws/camera_with_ROS2/install/camera_oneday/lib/camera_oneday/optical_publisher
/home/wook/amr_ws/camera_with_ROS2/install/camera_oneday/lib/camera_oneday/red_publisher
