[0.143s] Invoking command in '/home/wook/amr_ws/camera_with_ROS2/build/camera_oneday_msgs': CMAKE_PREFIX_PATH=${CMAKE_PREFIX_PATH}:/home/wook/amr_ws/camera_with_ROS2/install/opencv_tutorials:/home/wook/dev_ws/install/turtlebot3_teleop:/opt/ros/humble /usr/bin/cmake /home/wook/amr_ws/camera_with_ROS2/src/camera_oneday_msgs -DCMAKE_INSTALL_PREFIX=/home/wook/amr_ws/camera_with_ROS2/install/camera_oneday_msgs
[0.221s] -- The C compiler identification is GNU 11.4.0
[0.281s] -- The CXX compiler identification is GNU 11.4.0
[0.289s] -- Detecting C compiler ABI info
[0.338s] -- Detecting C compiler ABI info - done
[0.342s] -- Check for working C compiler: /usr/bin/cc - skipped
[0.342s] -- Detecting C compile features
[0.343s] -- Detecting C compile features - done
[0.346s] -- Detecting CXX compiler ABI info
[0.403s] -- Detecting CXX compiler ABI info - done
[0.408s] -- Check for working CXX compiler: /usr/bin/c++ - skipped
[0.408s] -- Detecting CXX compile features
[0.408s] -- Detecting CXX compile features - done
[0.411s] -- Found ament_cmake: 1.3.8 (/opt/ros/humble/share/ament_cmake/cmake)
[0.682s] -- Found Python3: /usr/bin/python3 (found version "3.10.12") found components: Interpreter 
[0.768s] [31mCMake Error at CMakeLists.txt:14 (rosidl_generate_interfaces):
[0.768s]   Unknown CMake command "rosidl_generate_interfaces".
[0.768s] 
[0.768s] [0m
[0.768s] -- Configuring incomplete, errors occurred!
[0.768s] See also "/home/wook/amr_ws/camera_with_ROS2/build/camera_oneday_msgs/CMakeFiles/CMakeOutput.log".
[0.771s] Invoked command in '/home/wook/amr_ws/camera_with_ROS2/build/camera_oneday_msgs' returned '1': CMAKE_PREFIX_PATH=${CMAKE_PREFIX_PATH}:/home/wook/amr_ws/camera_with_ROS2/install/opencv_tutorials:/home/wook/dev_ws/install/turtlebot3_teleop:/opt/ros/humble /usr/bin/cmake /home/wook/amr_ws/camera_with_ROS2/src/camera_oneday_msgs -DCMAKE_INSTALL_PREFIX=/home/wook/amr_ws/camera_with_ROS2/install/camera_oneday_msgs
