[  2%] [34m[1mGenerating C code for ROS interfaces[0m
[  5%] [34m[1mGenerating C++ code for ROS interfaces[0m
[  5%] Built target ament_cmake_python_copy_camera_oneday_msgs
running egg_info
creating camera_oneday_msgs.egg-info
writing camera_oneday_msgs.egg-info/PKG-INFO
writing dependency_links to camera_oneday_msgs.egg-info/dependency_links.txt
writing top-level names to camera_oneday_msgs.egg-info/top_level.txt
writing manifest file 'camera_oneday_msgs.egg-info/SOURCES.txt'
reading manifest file 'camera_oneday_msgs.egg-info/SOURCES.txt'
writing manifest file 'camera_oneday_msgs.egg-info/SOURCES.txt'
[  5%] Built target camera_oneday_msgs__cpp
[ 10%] [34m[1mGenerating C++ introspection for ROS interfaces[0m
[ 12%] [34m[1mGenerating C++ type support for eProsima Fast-RTPS[0m
[ 12%] [34m[1mGenerating C++ type support dispatch for ROS interfaces[0m
[ 12%] Built target ament_cmake_python_build_camera_oneday_msgs_egg
[ 15%] [32mBuilding C object CMakeFiles/camera_oneday_msgs__rosidl_generator_c.dir/rosidl_generator_c/camera_oneday_msgs/srv/detail/capture__functions.c.o[0m
[ 17%] [32mBuilding C object CMakeFiles/camera_oneday_msgs__rosidl_generator_c.dir/rosidl_generator_c/camera_oneday_msgs/srv/detail/record__functions.c.o[0m
[ 20%] [32m[1mLinking C shared library libcamera_oneday_msgs__rosidl_generator_c.so[0m
[ 20%] Built target camera_oneday_msgs__rosidl_generator_c
[ 23%] [34m[1mGenerating C type support for eProsima Fast-RTPS[0m
[ 25%] [34m[1mGenerating C introspection for ROS interfaces[0m
[ 28%] [34m[1mGenerating C type support dispatch for ROS interfaces[0m
[ 33%] [32mBuilding CXX object CMakeFiles/camera_oneday_msgs__rosidl_typesupport_cpp.dir/rosidl_typesupport_cpp/camera_oneday_msgs/srv/capture__type_support.cpp.o[0m
[ 33%] [32mBuilding CXX object CMakeFiles/camera_oneday_msgs__rosidl_typesupport_cpp.dir/rosidl_typesupport_cpp/camera_oneday_msgs/srv/record__type_support.cpp.o[0m
[ 35%] [32mBuilding CXX object CMakeFiles/camera_oneday_msgs__rosidl_typesupport_introspection_cpp.dir/rosidl_typesupport_introspection_cpp/camera_oneday_msgs/srv/detail/capture__type_support.cpp.o[0m
[ 38%] [32mBuilding CXX object CMakeFiles/camera_oneday_msgs__rosidl_typesupport_introspection_cpp.dir/rosidl_typesupport_introspection_cpp/camera_oneday_msgs/srv/detail/record__type_support.cpp.o[0m
[ 41%] [32mBuilding CXX object CMakeFiles/camera_oneday_msgs__rosidl_typesupport_fastrtps_cpp.dir/rosidl_typesupport_fastrtps_cpp/camera_oneday_msgs/srv/detail/dds_fastrtps/capture__type_support.cpp.o[0m
[ 43%] [32mBuilding CXX object CMakeFiles/camera_oneday_msgs__rosidl_typesupport_c.dir/rosidl_typesupport_c/camera_oneday_msgs/srv/capture__type_support.cpp.o[0m
[ 46%] [32mBuilding C object CMakeFiles/camera_oneday_msgs__rosidl_typesupport_introspection_c.dir/rosidl_typesupport_introspection_c/camera_oneday_msgs/srv/detail/capture__type_support.c.o[0m
[ 48%] [32mBuilding CXX object CMakeFiles/camera_oneday_msgs__rosidl_typesupport_c.dir/rosidl_typesupport_c/camera_oneday_msgs/srv/record__type_support.cpp.o[0m
[ 51%] [32mBuilding C object CMakeFiles/camera_oneday_msgs__rosidl_typesupport_introspection_c.dir/rosidl_typesupport_introspection_c/camera_oneday_msgs/srv/detail/record__type_support.c.o[0m
[ 53%] [32m[1mLinking CXX shared library libcamera_oneday_msgs__rosidl_typesupport_c.so[0m
[ 56%] [32mBuilding CXX object CMakeFiles/camera_oneday_msgs__rosidl_typesupport_fastrtps_c.dir/rosidl_typesupport_fastrtps_c/camera_oneday_msgs/srv/detail/capture__type_support_c.cpp.o[0m
[ 58%] [32mBuilding CXX object CMakeFiles/camera_oneday_msgs__rosidl_typesupport_fastrtps_c.dir/rosidl_typesupport_fastrtps_c/camera_oneday_msgs/srv/detail/record__type_support_c.cpp.o[0m
[ 61%] [32m[1mLinking C shared library libcamera_oneday_msgs__rosidl_typesupport_introspection_c.so[0m
[ 64%] [32m[1mLinking CXX shared library libcamera_oneday_msgs__rosidl_typesupport_cpp.so[0m
[ 64%] Built target camera_oneday_msgs__rosidl_typesupport_c
[ 64%] Built target camera_oneday_msgs__rosidl_typesupport_introspection_c
[ 66%] [32mBuilding CXX object CMakeFiles/camera_oneday_msgs__rosidl_typesupport_fastrtps_cpp.dir/rosidl_typesupport_fastrtps_cpp/camera_oneday_msgs/srv/detail/dds_fastrtps/record__type_support.cpp.o[0m
[ 66%] Built target camera_oneday_msgs__rosidl_typesupport_cpp
[ 69%] [32m[1mLinking CXX shared library libcamera_oneday_msgs__rosidl_typesupport_introspection_cpp.so[0m
[ 69%] Built target camera_oneday_msgs__rosidl_typesupport_introspection_cpp
[ 71%] [32m[1mLinking CXX shared library libcamera_oneday_msgs__rosidl_typesupport_fastrtps_c.so[0m
[ 71%] Built target camera_oneday_msgs__rosidl_typesupport_fastrtps_c
[ 74%] [32m[1mLinking CXX shared library libcamera_oneday_msgs__rosidl_typesupport_fastrtps_cpp.so[0m
[ 74%] Built target camera_oneday_msgs__rosidl_typesupport_fastrtps_cpp
[ 74%] Built target camera_oneday_msgs
[ 76%] [34m[1mGenerating Python code for ROS interfaces[0m
[ 76%] Built target camera_oneday_msgs__py
[ 79%] [32mBuilding C object CMakeFiles/camera_oneday_msgs__rosidl_generator_py.dir/rosidl_generator_py/camera_oneday_msgs/srv/_record_s.c.o[0m
[ 82%] [32mBuilding C object CMakeFiles/camera_oneday_msgs__rosidl_generator_py.dir/rosidl_generator_py/camera_oneday_msgs/srv/_capture_s.c.o[0m
[ 84%] [32m[1mLinking C shared library rosidl_generator_py/camera_oneday_msgs/libcamera_oneday_msgs__rosidl_generator_py.so[0m
[ 84%] Built target camera_oneday_msgs__rosidl_generator_py
[ 87%] [32mBuilding C object CMakeFiles/camera_oneday_msgs__rosidl_typesupport_c__pyext.dir/rosidl_generator_py/camera_oneday_msgs/_camera_oneday_msgs_s.ep.rosidl_typesupport_c.c.o[0m
[ 92%] [32mBuilding C object CMakeFiles/camera_oneday_msgs__rosidl_typesupport_fastrtps_c__pyext.dir/rosidl_generator_py/camera_oneday_msgs/_camera_oneday_msgs_s.ep.rosidl_typesupport_fastrtps_c.c.o[0m
[ 92%] [32mBuilding C object CMakeFiles/camera_oneday_msgs__rosidl_typesupport_introspection_c__pyext.dir/rosidl_generator_py/camera_oneday_msgs/_camera_oneday_msgs_s.ep.rosidl_typesupport_introspection_c.c.o[0m
[ 94%] [32m[1mLinking C shared library rosidl_generator_py/camera_oneday_msgs/camera_oneday_msgs_s__rosidl_typesupport_c.cpython-310-x86_64-linux-gnu.so[0m
[ 97%] [32m[1mLinking C shared library rosidl_generator_py/camera_oneday_msgs/camera_oneday_msgs_s__rosidl_typesupport_introspection_c.cpython-310-x86_64-linux-gnu.so[0m
[100%] [32m[1mLinking C shared library rosidl_generator_py/camera_oneday_msgs/camera_oneday_msgs_s__rosidl_typesupport_fastrtps_c.cpython-310-x86_64-linux-gnu.so[0m
[100%] Built target camera_oneday_msgs__rosidl_typesupport_c__pyext
[100%] Built target camera_oneday_msgs__rosidl_typesupport_introspection_c__pyext
[100%] Built target camera_oneday_msgs__rosidl_typesupport_fastrtps_c__pyext
