[0.065s] DEBUG:colcon:Command line arguments: ['/usr/bin/colcon', 'build']
[0.065s] DEBUG:colcon:Parsed command line arguments: Namespace(log_base=None, log_level=None, verb_name='build', build_base='build', install_base='install', merge_install=False, symlink_install=False, test_result_base=None, continue_on_error=False, executor='parallel', parallel_workers=8, event_handlers=None, ignore_user_meta=False, metas=['./colcon.meta'], base_paths=['.'], packages_ignore=None, packages_ignore_regex=None, paths=None, packages_up_to=None, packages_up_to_regex=None, packages_above=None, packages_above_and_dependencies=None, packages_above_depth=None, packages_select_by_dep=None, packages_skip_by_dep=None, packages_skip_up_to=None, packages_select_build_failed=False, packages_skip_build_finished=False, packages_select_test_failures=False, packages_skip_test_passed=False, packages_select=None, packages_skip=None, packages_select_regex=None, packages_skip_regex=None, packages_start=None, packages_end=None, allow_overriding=[], cmake_args=None, cmake_target=None, cmake_target_skip_unavailable=False, cmake_clean_cache=False, cmake_clean_first=False, cmake_force_configure=False, ament_cmake_args=None, catkin_cmake_args=None, catkin_skip_building_tests=False, verb_parser=<colcon_defaults.argument_parser.defaults.DefaultArgumentsDecorator object at 0x7969c4274610>, verb_extension=<colcon_core.verb.build.BuildVerb object at 0x7969c42740a0>, main=<bound method BuildVerb.main of <colcon_core.verb.build.BuildVerb object at 0x7969c42740a0>>)
[0.089s] Level 1:colcon.colcon_core.package_discovery:discover_packages(colcon_meta) check parameters
[0.089s] Level 1:colcon.colcon_core.package_discovery:discover_packages(recursive) check parameters
[0.089s] Level 1:colcon.colcon_core.package_discovery:discover_packages(ignore) check parameters
[0.089s] Level 1:colcon.colcon_core.package_discovery:discover_packages(path) check parameters
[0.089s] Level 1:colcon.colcon_core.package_discovery:discover_packages(colcon_meta) discover
[0.089s] Level 1:colcon.colcon_core.package_discovery:discover_packages(recursive) discover
[0.089s] INFO:colcon.colcon_core.package_discovery:Crawling recursively for packages in '/home/wook/amr_ws/camera_with_ROS2'
[0.089s] Level 1:colcon.colcon_core.package_identification:_identify(.) by extensions ['ignore', 'ignore_ament_install']
[0.089s] Level 1:colcon.colcon_core.package_identification:_identify(.) by extension 'ignore'
[0.089s] Level 1:colcon.colcon_core.package_identification:_identify(.) by extension 'ignore_ament_install'
[0.089s] Level 1:colcon.colcon_core.package_identification:_identify(.) by extensions ['colcon_pkg']
[0.089s] Level 1:colcon.colcon_core.package_identification:_identify(.) by extension 'colcon_pkg'
[0.089s] Level 1:colcon.colcon_core.package_identification:_identify(.) by extensions ['colcon_meta']
[0.089s] Level 1:colcon.colcon_core.package_identification:_identify(.) by extension 'colcon_meta'
[0.089s] Level 1:colcon.colcon_core.package_identification:_identify(.) by extensions ['ros']
[0.089s] Level 1:colcon.colcon_core.package_identification:_identify(.) by extension 'ros'
[0.098s] Level 1:colcon.colcon_core.package_identification:_identify(.) by extensions ['cmake', 'python']
[0.098s] Level 1:colcon.colcon_core.package_identification:_identify(.) by extension 'cmake'
[0.098s] Level 1:colcon.colcon_core.package_identification:_identify(.) by extension 'python'
[0.098s] Level 1:colcon.colcon_core.package_identification:_identify(.) by extensions ['python_setup_py']
[0.098s] Level 1:colcon.colcon_core.package_identification:_identify(.) by extension 'python_setup_py'
[0.098s] Level 1:colcon.colcon_core.package_identification:_identify(build) by extensions ['ignore', 'ignore_ament_install']
[0.098s] Level 1:colcon.colcon_core.package_identification:_identify(build) by extension 'ignore'
[0.098s] Level 1:colcon.colcon_core.package_identification:_identify(build) ignored
[0.098s] Level 1:colcon.colcon_core.package_identification:_identify(install) by extensions ['ignore', 'ignore_ament_install']
[0.098s] Level 1:colcon.colcon_core.package_identification:_identify(install) by extension 'ignore'
[0.098s] Level 1:colcon.colcon_core.package_identification:_identify(install) ignored
[0.099s] Level 1:colcon.colcon_core.package_identification:_identify(log) by extensions ['ignore', 'ignore_ament_install']
[0.099s] Level 1:colcon.colcon_core.package_identification:_identify(log) by extension 'ignore'
[0.099s] Level 1:colcon.colcon_core.package_identification:_identify(log) ignored
[0.099s] Level 1:colcon.colcon_core.package_identification:_identify(src) by extensions ['ignore', 'ignore_ament_install']
[0.099s] Level 1:colcon.colcon_core.package_identification:_identify(src) by extension 'ignore'
[0.099s] Level 1:colcon.colcon_core.package_identification:_identify(src) by extension 'ignore_ament_install'
[0.099s] Level 1:colcon.colcon_core.package_identification:_identify(src) by extensions ['colcon_pkg']
[0.099s] Level 1:colcon.colcon_core.package_identification:_identify(src) by extension 'colcon_pkg'
[0.099s] Level 1:colcon.colcon_core.package_identification:_identify(src) by extensions ['colcon_meta']
[0.099s] Level 1:colcon.colcon_core.package_identification:_identify(src) by extension 'colcon_meta'
[0.099s] Level 1:colcon.colcon_core.package_identification:_identify(src) by extensions ['ros']
[0.099s] Level 1:colcon.colcon_core.package_identification:_identify(src) by extension 'ros'
[0.099s] Level 1:colcon.colcon_core.package_identification:_identify(src) by extensions ['cmake', 'python']
[0.099s] Level 1:colcon.colcon_core.package_identification:_identify(src) by extension 'cmake'
[0.099s] Level 1:colcon.colcon_core.package_identification:_identify(src) by extension 'python'
[0.099s] Level 1:colcon.colcon_core.package_identification:_identify(src) by extensions ['python_setup_py']
[0.099s] Level 1:colcon.colcon_core.package_identification:_identify(src) by extension 'python_setup_py'
[0.099s] Level 1:colcon.colcon_core.package_identification:_identify(src/camera_oneday) by extensions ['ignore', 'ignore_ament_install']
[0.099s] Level 1:colcon.colcon_core.package_identification:_identify(src/camera_oneday) by extension 'ignore'
[0.099s] Level 1:colcon.colcon_core.package_identification:_identify(src/camera_oneday) by extension 'ignore_ament_install'
[0.099s] Level 1:colcon.colcon_core.package_identification:_identify(src/camera_oneday) by extensions ['colcon_pkg']
[0.099s] Level 1:colcon.colcon_core.package_identification:_identify(src/camera_oneday) by extension 'colcon_pkg'
[0.099s] Level 1:colcon.colcon_core.package_identification:_identify(src/camera_oneday) by extensions ['colcon_meta']
[0.099s] Level 1:colcon.colcon_core.package_identification:_identify(src/camera_oneday) by extension 'colcon_meta'
[0.099s] Level 1:colcon.colcon_core.package_identification:_identify(src/camera_oneday) by extensions ['ros']
[0.099s] Level 1:colcon.colcon_core.package_identification:_identify(src/camera_oneday) by extension 'ros'
[0.101s] DEBUG:colcon.colcon_core.package_identification:Package 'src/camera_oneday' with type 'ros.ament_python' and name 'camera_oneday'
[0.101s] Level 1:colcon.colcon_core.package_identification:_identify(src/camera_oneday_msgs) by extensions ['ignore', 'ignore_ament_install']
[0.101s] Level 1:colcon.colcon_core.package_identification:_identify(src/camera_oneday_msgs) by extension 'ignore'
[0.101s] Level 1:colcon.colcon_core.package_identification:_identify(src/camera_oneday_msgs) by extension 'ignore_ament_install'
[0.101s] Level 1:colcon.colcon_core.package_identification:_identify(src/camera_oneday_msgs) by extensions ['colcon_pkg']
[0.101s] Level 1:colcon.colcon_core.package_identification:_identify(src/camera_oneday_msgs) by extension 'colcon_pkg'
[0.101s] Level 1:colcon.colcon_core.package_identification:_identify(src/camera_oneday_msgs) by extensions ['colcon_meta']
[0.101s] Level 1:colcon.colcon_core.package_identification:_identify(src/camera_oneday_msgs) by extension 'colcon_meta'
[0.101s] Level 1:colcon.colcon_core.package_identification:_identify(src/camera_oneday_msgs) by extensions ['ros']
[0.101s] Level 1:colcon.colcon_core.package_identification:_identify(src/camera_oneday_msgs) by extension 'ros'
[0.101s] DEBUG:colcon.colcon_core.package_identification:Package 'src/camera_oneday_msgs' with type 'ros.ament_cmake' and name 'camera_oneday_msgs'
[0.101s] Level 1:colcon.colcon_core.package_discovery:discover_packages(recursive) using defaults
[0.101s] Level 1:colcon.colcon_core.package_discovery:discover_packages(ignore) discover
[0.101s] Level 1:colcon.colcon_core.package_discovery:discover_packages(ignore) using defaults
[0.101s] Level 1:colcon.colcon_core.package_discovery:discover_packages(path) discover
[0.101s] Level 1:colcon.colcon_core.package_discovery:discover_packages(path) using defaults
[0.114s] Level 1:colcon.colcon_core.package_discovery:discover_packages(prefix_path) check parameters
[0.114s] Level 1:colcon.colcon_core.package_discovery:discover_packages(prefix_path) discover
[0.115s] WARNING:colcon.colcon_ros.prefix_path.ament:The path '/home/wook/amr_ws/camera_with_ROS2/install/opencv_tutorials' in the environment variable AMENT_PREFIX_PATH doesn't exist
[0.115s] WARNING:colcon.colcon_ros.prefix_path.ament:The path '/home/wook/amr_ws/camera_with_ROS2/install/camera_oneday_msgs' in the environment variable AMENT_PREFIX_PATH doesn't exist
[0.115s] WARNING:colcon.colcon_ros.prefix_path.catkin:The path '/home/wook/amr_ws/camera_with_ROS2/install/camera_oneday_msgs' in the environment variable CMAKE_PREFIX_PATH doesn't exist
[0.115s] DEBUG:colcon.colcon_installed_package_information.package_discovery:Found 0 installed packages in /home/wook/amr_ws/camera_with_ROS2/install
[0.116s] DEBUG:colcon.colcon_installed_package_information.package_discovery:Found 11 installed packages in /home/wook/dev_ws/install
[0.117s] DEBUG:colcon.colcon_installed_package_information.package_discovery:Found 405 installed packages in /opt/ros/humble
[0.118s] Level 1:colcon.colcon_core.package_discovery:discover_packages(prefix_path) using defaults
[0.149s] Level 5:colcon.colcon_core.verb:set package 'camera_oneday' build argument 'cmake_args' from command line to 'None'
[0.149s] Level 5:colcon.colcon_core.verb:set package 'camera_oneday' build argument 'cmake_target' from command line to 'None'
[0.149s] Level 5:colcon.colcon_core.verb:set package 'camera_oneday' build argument 'cmake_target_skip_unavailable' from command line to 'False'
[0.149s] Level 5:colcon.colcon_core.verb:set package 'camera_oneday' build argument 'cmake_clean_cache' from command line to 'False'
[0.149s] Level 5:colcon.colcon_core.verb:set package 'camera_oneday' build argument 'cmake_clean_first' from command line to 'False'
[0.149s] Level 5:colcon.colcon_core.verb:set package 'camera_oneday' build argument 'cmake_force_configure' from command line to 'False'
[0.149s] Level 5:colcon.colcon_core.verb:set package 'camera_oneday' build argument 'ament_cmake_args' from command line to 'None'
[0.149s] Level 5:colcon.colcon_core.verb:set package 'camera_oneday' build argument 'catkin_cmake_args' from command line to 'None'
[0.149s] Level 5:colcon.colcon_core.verb:set package 'camera_oneday' build argument 'catkin_skip_building_tests' from command line to 'False'
[0.149s] DEBUG:colcon.colcon_core.verb:Building package 'camera_oneday' with the following arguments: {'ament_cmake_args': None, 'build_base': '/home/wook/amr_ws/camera_with_ROS2/build/camera_oneday', 'catkin_cmake_args': None, 'catkin_skip_building_tests': False, 'cmake_args': None, 'cmake_clean_cache': False, 'cmake_clean_first': False, 'cmake_force_configure': False, 'cmake_target': None, 'cmake_target_skip_unavailable': False, 'install_base': '/home/wook/amr_ws/camera_with_ROS2/install/camera_oneday', 'merge_install': False, 'path': '/home/wook/amr_ws/camera_with_ROS2/src/camera_oneday', 'symlink_install': False, 'test_result_base': None}
[0.149s] Level 5:colcon.colcon_core.verb:set package 'camera_oneday_msgs' build argument 'cmake_args' from command line to 'None'
[0.149s] Level 5:colcon.colcon_core.verb:set package 'camera_oneday_msgs' build argument 'cmake_target' from command line to 'None'
[0.149s] Level 5:colcon.colcon_core.verb:set package 'camera_oneday_msgs' build argument 'cmake_target_skip_unavailable' from command line to 'False'
[0.149s] Level 5:colcon.colcon_core.verb:set package 'camera_oneday_msgs' build argument 'cmake_clean_cache' from command line to 'False'
[0.149s] Level 5:colcon.colcon_core.verb:set package 'camera_oneday_msgs' build argument 'cmake_clean_first' from command line to 'False'
[0.149s] Level 5:colcon.colcon_core.verb:set package 'camera_oneday_msgs' build argument 'cmake_force_configure' from command line to 'False'
[0.149s] Level 5:colcon.colcon_core.verb:set package 'camera_oneday_msgs' build argument 'ament_cmake_args' from command line to 'None'
[0.149s] Level 5:colcon.colcon_core.verb:set package 'camera_oneday_msgs' build argument 'catkin_cmake_args' from command line to 'None'
[0.149s] Level 5:colcon.colcon_core.verb:set package 'camera_oneday_msgs' build argument 'catkin_skip_building_tests' from command line to 'False'
[0.149s] DEBUG:colcon.colcon_core.verb:Building package 'camera_oneday_msgs' with the following arguments: {'ament_cmake_args': None, 'build_base': '/home/wook/amr_ws/camera_with_ROS2/build/camera_oneday_msgs', 'catkin_cmake_args': None, 'catkin_skip_building_tests': False, 'cmake_args': None, 'cmake_clean_cache': False, 'cmake_clean_first': False, 'cmake_force_configure': False, 'cmake_target': None, 'cmake_target_skip_unavailable': False, 'install_base': '/home/wook/amr_ws/camera_with_ROS2/install/camera_oneday_msgs', 'merge_install': False, 'path': '/home/wook/amr_ws/camera_with_ROS2/src/camera_oneday_msgs', 'symlink_install': False, 'test_result_base': None}
[0.150s] INFO:colcon.colcon_core.executor:Executing jobs using 'parallel' executor
[0.150s] DEBUG:colcon.colcon_parallel_executor.executor.parallel:run_until_complete
[0.150s] INFO:colcon.colcon_ros.task.ament_python.build:Building ROS package in '/home/wook/amr_ws/camera_with_ROS2/src/camera_oneday' with build type 'ament_python'
[0.151s] Level 1:colcon.colcon_core.shell:create_environment_hook('camera_oneday', 'ament_prefix_path')
[0.152s] INFO:colcon.colcon_core.plugin_system:Skipping extension 'colcon_core.shell.bat': Not used on non-Windows systems
[0.152s] INFO:colcon.colcon_core.shell:Creating environment hook '/home/wook/amr_ws/camera_with_ROS2/install/camera_oneday/share/camera_oneday/hook/ament_prefix_path.ps1'
[0.153s] INFO:colcon.colcon_core.shell:Creating environment descriptor '/home/wook/amr_ws/camera_with_ROS2/install/camera_oneday/share/camera_oneday/hook/ament_prefix_path.dsv'
[0.153s] INFO:colcon.colcon_core.shell:Creating environment hook '/home/wook/amr_ws/camera_with_ROS2/install/camera_oneday/share/camera_oneday/hook/ament_prefix_path.sh'
[0.153s] INFO:colcon.colcon_core.shell:Skip shell extension 'powershell' for command environment: Not usable outside of PowerShell
[0.153s] DEBUG:colcon.colcon_core.shell:Skip shell extension 'dsv' for command environment
[0.156s] INFO:colcon.colcon_ros.task.ament_cmake.build:Building ROS package in '/home/wook/amr_ws/camera_with_ROS2/src/camera_oneday_msgs' with build type 'ament_cmake'
[0.156s] INFO:colcon.colcon_cmake.task.cmake.build:Building CMake package in '/home/wook/amr_ws/camera_with_ROS2/src/camera_oneday_msgs'
[0.156s] INFO:colcon.colcon_core.shell:Skip shell extension 'powershell' for command environment: Not usable outside of PowerShell
[0.156s] DEBUG:colcon.colcon_core.shell:Skip shell extension 'dsv' for command environment
[0.294s] INFO:colcon.colcon_core.task.python.build:Building Python package in '/home/wook/amr_ws/camera_with_ROS2/src/camera_oneday'
[0.294s] INFO:colcon.colcon_core.shell:Skip shell extension 'powershell' for command environment: Not usable outside of PowerShell
[0.294s] DEBUG:colcon.colcon_core.shell:Skip shell extension 'dsv' for command environment
[0.300s] DEBUG:colcon.colcon_core.event_handler.log_command:Invoking command in '/home/wook/amr_ws/camera_with_ROS2/build/camera_oneday_msgs': CMAKE_PREFIX_PATH=${CMAKE_PREFIX_PATH}:/home/wook/amr_ws/camera_with_ROS2/install/opencv_tutorials:/home/wook/dev_ws/install/turtlebot3_teleop:/opt/ros/humble /usr/bin/cmake /home/wook/amr_ws/camera_with_ROS2/src/camera_oneday_msgs -DCMAKE_INSTALL_PREFIX=/home/wook/amr_ws/camera_with_ROS2/install/camera_oneday_msgs
[0.764s] DEBUG:colcon.colcon_core.event_handler.log_command:Invoking command in '/home/wook/amr_ws/camera_with_ROS2/src/camera_oneday': PYTHONPATH=/home/wook/amr_ws/camera_with_ROS2/build/camera_oneday/prefix_override:/home/wook/amr_ws/camera_with_ROS2/install/camera_oneday/lib/python3.10/site-packages:${PYTHONPATH} /usr/bin/python3 -W ignore:setup.py install is deprecated setup.py egg_info --egg-base ../../build/camera_oneday build --build-base /home/wook/amr_ws/camera_with_ROS2/build/camera_oneday/build install --record /home/wook/amr_ws/camera_with_ROS2/build/camera_oneday/install.log --single-version-externally-managed install_data
[0.928s] DEBUG:colcon.colcon_core.event_handler.log_command:Invoked command in '/home/wook/amr_ws/camera_with_ROS2/build/camera_oneday_msgs' returned '1': CMAKE_PREFIX_PATH=${CMAKE_PREFIX_PATH}:/home/wook/amr_ws/camera_with_ROS2/install/opencv_tutorials:/home/wook/dev_ws/install/turtlebot3_teleop:/opt/ros/humble /usr/bin/cmake /home/wook/amr_ws/camera_with_ROS2/src/camera_oneday_msgs -DCMAKE_INSTALL_PREFIX=/home/wook/amr_ws/camera_with_ROS2/install/camera_oneday_msgs
[0.936s] Level 1:colcon.colcon_core.environment:create_environment_scripts_only(camera_oneday_msgs)
[0.937s] Level 1:colcon.colcon_core.environment:checking '/home/wook/amr_ws/camera_with_ROS2/install/camera_oneday_msgs' for CMake module files
[0.937s] Level 1:colcon.colcon_core.environment:checking '/home/wook/amr_ws/camera_with_ROS2/install/camera_oneday_msgs' for CMake config files
[0.938s] Level 1:colcon.colcon_core.environment:checking '/home/wook/amr_ws/camera_with_ROS2/install/camera_oneday_msgs/bin'
[0.938s] Level 1:colcon.colcon_core.environment:checking '/home/wook/amr_ws/camera_with_ROS2/install/camera_oneday_msgs/lib/pkgconfig/camera_oneday_msgs.pc'
[0.938s] Level 1:colcon.colcon_core.environment:checking '/home/wook/amr_ws/camera_with_ROS2/install/camera_oneday_msgs/lib/python3.10/site-packages'
[0.938s] Level 1:colcon.colcon_core.environment:checking '/home/wook/amr_ws/camera_with_ROS2/install/camera_oneday_msgs/bin'
[0.938s] INFO:colcon.colcon_core.shell:Creating package script '/home/wook/amr_ws/camera_with_ROS2/install/camera_oneday_msgs/share/camera_oneday_msgs/package.ps1'
[0.939s] INFO:colcon.colcon_core.shell:Creating package descriptor '/home/wook/amr_ws/camera_with_ROS2/install/camera_oneday_msgs/share/camera_oneday_msgs/package.dsv'
[0.939s] INFO:colcon.colcon_core.shell:Creating package script '/home/wook/amr_ws/camera_with_ROS2/install/camera_oneday_msgs/share/camera_oneday_msgs/package.sh'
[0.939s] INFO:colcon.colcon_core.shell:Creating package script '/home/wook/amr_ws/camera_with_ROS2/install/camera_oneday_msgs/share/camera_oneday_msgs/package.bash'
[0.940s] INFO:colcon.colcon_core.shell:Creating package script '/home/wook/amr_ws/camera_with_ROS2/install/camera_oneday_msgs/share/camera_oneday_msgs/package.zsh'
[0.940s] Level 1:colcon.colcon_core.environment:create_file_with_runtime_dependencies(/home/wook/amr_ws/camera_with_ROS2/install/camera_oneday_msgs/share/colcon-core/packages/camera_oneday_msgs)
[1.023s] DEBUG:colcon.colcon_parallel_executor.executor.parallel:closing loop
[1.023s] DEBUG:colcon.colcon_parallel_executor.executor.parallel:loop closed
[1.023s] DEBUG:colcon.colcon_parallel_executor.executor.parallel:run_until_complete finished with '1'
[1.023s] DEBUG:colcon.colcon_core.event_reactor:joining thread
[1.027s] INFO:colcon.colcon_core.plugin_system:Skipping extension 'colcon_notification.desktop_notification.terminal_notifier': Not used on non-Darwin systems
[1.027s] INFO:colcon.colcon_core.plugin_system:Skipping extension 'colcon_notification.desktop_notification.win32': Not used on non-Windows systems
[1.027s] INFO:colcon.colcon_notification.desktop_notification:Sending desktop notification using 'notify2'
[1.036s] DEBUG:colcon.colcon_core.event_reactor:joined thread
[1.036s] INFO:colcon.colcon_core.shell:Creating prefix script '/home/wook/amr_ws/camera_with_ROS2/install/local_setup.ps1'
[1.037s] INFO:colcon.colcon_core.shell:Creating prefix util module '/home/wook/amr_ws/camera_with_ROS2/install/_local_setup_util_ps1.py'
[1.038s] INFO:colcon.colcon_core.shell:Creating prefix chain script '/home/wook/amr_ws/camera_with_ROS2/install/setup.ps1'
[1.039s] INFO:colcon.colcon_core.shell:Creating prefix script '/home/wook/amr_ws/camera_with_ROS2/install/local_setup.sh'
[1.040s] INFO:colcon.colcon_core.shell:Creating prefix util module '/home/wook/amr_ws/camera_with_ROS2/install/_local_setup_util_sh.py'
[1.040s] INFO:colcon.colcon_core.shell:Creating prefix chain script '/home/wook/amr_ws/camera_with_ROS2/install/setup.sh'
[1.042s] INFO:colcon.colcon_core.shell:Creating prefix script '/home/wook/amr_ws/camera_with_ROS2/install/local_setup.bash'
[1.042s] INFO:colcon.colcon_core.shell:Creating prefix chain script '/home/wook/amr_ws/camera_with_ROS2/install/setup.bash'
[1.043s] INFO:colcon.colcon_core.shell:Creating prefix script '/home/wook/amr_ws/camera_with_ROS2/install/local_setup.zsh'
[1.044s] INFO:colcon.colcon_core.shell:Creating prefix chain script '/home/wook/amr_ws/camera_with_ROS2/install/setup.zsh'
