running egg_info
writing ../../build/camera_oneday/camera_oneday.egg-info/PKG-INFO
writing dependency_links to ../../build/camera_oneday/camera_oneday.egg-info/dependency_links.txt
writing entry points to ../../build/camera_oneday/camera_oneday.egg-info/entry_points.txt
writing requirements to ../../build/camera_oneday/camera_oneday.egg-info/requires.txt
writing top-level names to ../../build/camera_oneday/camera_oneday.egg-info/top_level.txt
reading manifest file '../../build/camera_oneday/camera_oneday.egg-info/SOURCES.txt'
writing manifest file '../../build/camera_oneday/camera_oneday.egg-info/SOURCES.txt'
running build
running build_py
copying camera_oneday/combined_publisher.py -> /home/wook/amr_ws/camera_with_ROS2/build/camera_oneday/build/lib/camera_oneday
copying camera_oneday/green_publisher.py -> /home/wook/amr_ws/camera_with_ROS2/build/camera_oneday/build/lib/camera_oneday
copying camera_oneday/optical_publisher.py -> /home/wook/amr_ws/camera_with_ROS2/build/camera_oneday/build/lib/camera_oneday
copying camera_oneday/binary_publisher.py -> /home/wook/amr_ws/camera_with_ROS2/build/camera_oneday/build/lib/camera_oneday
copying camera_oneday/img_publisher.py -> /home/wook/amr_ws/camera_with_ROS2/build/camera_oneday/build/lib/camera_oneday
copying camera_oneday/red_publisher.py -> /home/wook/amr_ws/camera_with_ROS2/build/camera_oneday/build/lib/camera_oneday
copying camera_oneday/blue_publisher.py -> /home/wook/amr_ws/camera_with_ROS2/build/camera_oneday/build/lib/camera_oneday
copying camera_oneday/__init__.py -> /home/wook/amr_ws/camera_with_ROS2/build/camera_oneday/build/lib/camera_oneday
copying camera_oneday/canny_publisher.py -> /home/wook/amr_ws/camera_with_ROS2/build/camera_oneday/build/lib/camera_oneday
copying camera_oneday/blur_publisher.py -> /home/wook/amr_ws/camera_with_ROS2/build/camera_oneday/build/lib/camera_oneday
copying camera_oneday/cartoon_publisher.py -> /home/wook/amr_ws/camera_with_ROS2/build/camera_oneday/build/lib/camera_oneday
copying camera_oneday/camera_server.py -> /home/wook/amr_ws/camera_with_ROS2/build/camera_oneday/build/lib/camera_oneday
copying camera_oneday/edge_publisher.py -> /home/wook/amr_ws/camera_with_ROS2/build/camera_oneday/build/lib/camera_oneday
copying camera_oneday/control_publisher.py -> /home/wook/amr_ws/camera_with_ROS2/build/camera_oneday/build/lib/camera_oneday
running install
running install_lib
running install_data
copying resource/camera_oneday -> /home/wook/amr_ws/camera_with_ROS2/install/camera_oneday/share/ament_index/resource_index/packages
copying package.xml -> /home/wook/amr_ws/camera_with_ROS2/install/camera_oneday/share/camera_oneday
copying launch/camera.launch.py -> /home/wook/amr_ws/camera_with_ROS2/install/camera_oneday/share/camera_oneday/launch
copying param/binary.yaml -> /home/wook/amr_ws/camera_with_ROS2/install/camera_oneday/share/camera_oneday/param
copying param/filter.yaml -> /home/wook/amr_ws/camera_with_ROS2/install/camera_oneday/share/camera_oneday/param
copying param/size.yaml -> /home/wook/amr_ws/camera_with_ROS2/install/camera_oneday/share/camera_oneday/param
running install_egg_info
Copying ../../build/camera_oneday/camera_oneday.egg-info to /home/wook/amr_ws/camera_with_ROS2/install/camera_oneday/lib/python3.10/site-packages/camera_oneday-0.0.0-py3.10.egg-info
running install_scripts
Installing binary_publisher script to /home/wook/amr_ws/camera_with_ROS2/install/camera_oneday/lib/camera_oneday
Installing blue_publisher script to /home/wook/amr_ws/camera_with_ROS2/install/camera_oneday/lib/camera_oneday
Installing blur_publisher script to /home/wook/amr_ws/camera_with_ROS2/install/camera_oneday/lib/camera_oneday
Installing camera_server script to /home/wook/amr_ws/camera_with_ROS2/install/camera_oneday/lib/camera_oneday
Installing canny_publisher script to /home/wook/amr_ws/camera_with_ROS2/install/camera_oneday/lib/camera_oneday
Installing cartoon_publisher script to /home/wook/amr_ws/camera_with_ROS2/install/camera_oneday/lib/camera_oneday
Installing combined_publisher script to /home/wook/amr_ws/camera_with_ROS2/install/camera_oneday/lib/camera_oneday
Installing control_publisher script to /home/wook/amr_ws/camera_with_ROS2/install/camera_oneday/lib/camera_oneday
Installing edge_publisher script to /home/wook/amr_ws/camera_with_ROS2/install/camera_oneday/lib/camera_oneday
Installing green_publisher script to /home/wook/amr_ws/camera_with_ROS2/install/camera_oneday/lib/camera_oneday
Installing img_publisher script to /home/wook/amr_ws/camera_with_ROS2/install/camera_oneday/lib/camera_oneday
Installing optical_publisher script to /home/wook/amr_ws/camera_with_ROS2/install/camera_oneday/lib/camera_oneday
Installing red_publisher script to /home/wook/amr_ws/camera_with_ROS2/install/camera_oneday/lib/camera_oneday
writing list of installed files to '/home/wook/amr_ws/camera_with_ROS2/build/camera_oneday/install.log'
