[0.142s] Invoking command in '/home/wook/amr_ws/camera_with_ROS2/build/camera_oneday_msgs': CMAKE_PREFIX_PATH=${CMAKE_PREFIX_PATH}:/home/wook/amr_ws/camera_with_ROS2/install/opencv_tutorials:/home/wook/dev_ws/install/turtlebot3_teleop:/opt/ros/humble /usr/bin/cmake --build /home/wook/amr_ws/camera_with_ROS2/build/camera_oneday_msgs -- -j8 -l8
[0.170s] [35m[1mConsolidate compiler generated dependencies of target camera_oneday_msgs__rosidl_generator_c[0m
[0.177s] [  2%] Built target camera_oneday_msgs__cpp
[0.179s] [ 12%] Built target camera_oneday_msgs__rosidl_generator_c
[0.187s] [ 12%] Built target ament_cmake_python_copy_camera_oneday_msgs
[0.192s] [35m[1mConsolidate compiler generated dependencies of target camera_oneday_msgs__rosidl_typesupport_introspection_cpp[0m
[0.193s] [35m[1mConsolidate compiler generated dependencies of target camera_oneday_msgs__rosidl_typesupport_cpp[0m
[0.193s] [35m[1mConsolidate compiler generated dependencies of target camera_oneday_msgs__rosidl_typesupport_fastrtps_c[0m
[0.193s] [35m[1mConsolidate compiler generated dependencies of target camera_oneday_msgs__rosidl_typesupport_introspection_c[0m
[0.193s] [35m[1mConsolidate compiler generated dependencies of target camera_oneday_msgs__rosidl_typesupport_fastrtps_cpp[0m
[0.193s] [35m[1mConsolidate compiler generated dependencies of target camera_oneday_msgs__rosidl_typesupport_c[0m
[0.201s] [ 33%] Built target camera_oneday_msgs__rosidl_typesupport_introspection_cpp
[0.201s] [ 33%] Built target camera_oneday_msgs__rosidl_typesupport_introspection_c
[0.202s] [ 43%] Built target camera_oneday_msgs__rosidl_typesupport_c
[0.203s] [ 53%] Built target camera_oneday_msgs__rosidl_typesupport_cpp
[0.204s] [ 64%] Built target camera_oneday_msgs__rosidl_typesupport_fastrtps_c
[0.205s] [ 74%] Built target camera_oneday_msgs__rosidl_typesupport_fastrtps_cpp
[0.221s] [ 74%] Built target camera_oneday_msgs
[0.237s] [ 76%] Built target camera_oneday_msgs__py
[0.245s] [35m[1mConsolidate compiler generated dependencies of target camera_oneday_msgs__rosidl_generator_py[0m
[0.255s] [ 84%] Built target camera_oneday_msgs__rosidl_generator_py
[0.263s] [35m[1mConsolidate compiler generated dependencies of target camera_oneday_msgs__rosidl_typesupport_fastrtps_c__pyext[0m
[0.264s] [35m[1mConsolidate compiler generated dependencies of target camera_oneday_msgs__rosidl_typesupport_introspection_c__pyext[0m
[0.265s] [35m[1mConsolidate compiler generated dependencies of target camera_oneday_msgs__rosidl_typesupport_c__pyext[0m
[0.272s] [ 89%] Built target camera_oneday_msgs__rosidl_typesupport_fastrtps_c__pyext
[0.275s] [ 94%] Built target camera_oneday_msgs__rosidl_typesupport_c__pyext
[0.278s] [100%] Built target camera_oneday_msgs__rosidl_typesupport_introspection_c__pyext
[0.348s] running egg_info
[0.362s] writing camera_oneday_msgs.egg-info/PKG-INFO
[0.362s] writing dependency_links to camera_oneday_msgs.egg-info/dependency_links.txt
[0.362s] writing top-level names to camera_oneday_msgs.egg-info/top_level.txt
[0.400s] reading manifest file 'camera_oneday_msgs.egg-info/SOURCES.txt'
[0.401s] writing manifest file 'camera_oneday_msgs.egg-info/SOURCES.txt'
[0.419s] [100%] Built target ament_cmake_python_build_camera_oneday_msgs_egg
[0.428s] Invoked command in '/home/wook/amr_ws/camera_with_ROS2/build/camera_oneday_msgs' returned '0': CMAKE_PREFIX_PATH=${CMAKE_PREFIX_PATH}:/home/wook/amr_ws/camera_with_ROS2/install/opencv_tutorials:/home/wook/dev_ws/install/turtlebot3_teleop:/opt/ros/humble /usr/bin/cmake --build /home/wook/amr_ws/camera_with_ROS2/build/camera_oneday_msgs -- -j8 -l8
[0.486s] Invoking command in '/home/wook/amr_ws/camera_with_ROS2/build/camera_oneday_msgs': CMAKE_PREFIX_PATH=${CMAKE_PREFIX_PATH}:/home/wook/amr_ws/camera_with_ROS2/install/opencv_tutorials:/home/wook/dev_ws/install/turtlebot3_teleop:/opt/ros/humble /usr/bin/cmake --install /home/wook/amr_ws/camera_with_ROS2/build/camera_oneday_msgs
[0.492s] -- Install configuration: ""
[0.493s] -- Installing: /home/wook/amr_ws/camera_with_ROS2/install/camera_oneday_msgs/share/ament_index/resource_index/rosidl_interfaces/camera_oneday_msgs
[0.493s] -- Installing: /home/wook/amr_ws/camera_with_ROS2/install/camera_oneday_msgs/include/camera_oneday_msgs/camera_oneday_msgs
[0.493s] -- Installing: /home/wook/amr_ws/camera_with_ROS2/install/camera_oneday_msgs/include/camera_oneday_msgs/camera_oneday_msgs/srv
[0.493s] -- Installing: /home/wook/amr_ws/camera_with_ROS2/install/camera_oneday_msgs/include/camera_oneday_msgs/camera_oneday_msgs/srv/record.h
[0.493s] -- Installing: /home/wook/amr_ws/camera_with_ROS2/install/camera_oneday_msgs/include/camera_oneday_msgs/camera_oneday_msgs/srv/capture.h
[0.493s] -- Installing: /home/wook/amr_ws/camera_with_ROS2/install/camera_oneday_msgs/include/camera_oneday_msgs/camera_oneday_msgs/srv/detail
[0.493s] -- Installing: /home/wook/amr_ws/camera_with_ROS2/install/camera_oneday_msgs/include/camera_oneday_msgs/camera_oneday_msgs/srv/detail/capture__struct.h
[0.493s] -- Installing: /home/wook/amr_ws/camera_with_ROS2/install/camera_oneday_msgs/include/camera_oneday_msgs/camera_oneday_msgs/srv/detail/capture__functions.h
[0.493s] -- Installing: /home/wook/amr_ws/camera_with_ROS2/install/camera_oneday_msgs/include/camera_oneday_msgs/camera_oneday_msgs/srv/detail/record__type_support.h
[0.493s] -- Installing: /home/wook/amr_ws/camera_with_ROS2/install/camera_oneday_msgs/include/camera_oneday_msgs/camera_oneday_msgs/srv/detail/capture__functions.c
[0.493s] -- Installing: /home/wook/amr_ws/camera_with_ROS2/install/camera_oneday_msgs/include/camera_oneday_msgs/camera_oneday_msgs/srv/detail/record__functions.c
[0.494s] -- Installing: /home/wook/amr_ws/camera_with_ROS2/install/camera_oneday_msgs/include/camera_oneday_msgs/camera_oneday_msgs/srv/detail/record__struct.h
[0.494s] -- Installing: /home/wook/amr_ws/camera_with_ROS2/install/camera_oneday_msgs/include/camera_oneday_msgs/camera_oneday_msgs/srv/detail/capture__type_support.h
[0.494s] -- Installing: /home/wook/amr_ws/camera_with_ROS2/install/camera_oneday_msgs/include/camera_oneday_msgs/camera_oneday_msgs/srv/detail/record__functions.h
[0.494s] -- Installing: /home/wook/amr_ws/camera_with_ROS2/install/camera_oneday_msgs/include/camera_oneday_msgs/camera_oneday_msgs/msg
[0.494s] -- Installing: /home/wook/amr_ws/camera_with_ROS2/install/camera_oneday_msgs/include/camera_oneday_msgs/camera_oneday_msgs/msg/rosidl_generator_c__visibility_control.h
[0.494s] -- Installing: /home/wook/amr_ws/camera_with_ROS2/install/camera_oneday_msgs/share/camera_oneday_msgs/environment/library_path.sh
[0.494s] -- Installing: /home/wook/amr_ws/camera_with_ROS2/install/camera_oneday_msgs/share/camera_oneday_msgs/environment/library_path.dsv
[0.494s] -- Installing: /home/wook/amr_ws/camera_with_ROS2/install/camera_oneday_msgs/lib/libcamera_oneday_msgs__rosidl_generator_c.so
[0.494s] -- Set runtime path of "/home/wook/amr_ws/camera_with_ROS2/install/camera_oneday_msgs/lib/libcamera_oneday_msgs__rosidl_generator_c.so" to ""
[0.495s] -- Up-to-date: /home/wook/amr_ws/camera_with_ROS2/install/camera_oneday_msgs/include/camera_oneday_msgs/camera_oneday_msgs
[0.495s] -- Up-to-date: /home/wook/amr_ws/camera_with_ROS2/install/camera_oneday_msgs/include/camera_oneday_msgs/camera_oneday_msgs/srv
[0.495s] -- Up-to-date: /home/wook/amr_ws/camera_with_ROS2/install/camera_oneday_msgs/include/camera_oneday_msgs/camera_oneday_msgs/srv/detail
[0.495s] -- Installing: /home/wook/amr_ws/camera_with_ROS2/install/camera_oneday_msgs/include/camera_oneday_msgs/camera_oneday_msgs/srv/detail/record__rosidl_typesupport_fastrtps_c.h
[0.495s] -- Installing: /home/wook/amr_ws/camera_with_ROS2/install/camera_oneday_msgs/include/camera_oneday_msgs/camera_oneday_msgs/srv/detail/capture__rosidl_typesupport_fastrtps_c.h
[0.495s] -- Up-to-date: /home/wook/amr_ws/camera_with_ROS2/install/camera_oneday_msgs/include/camera_oneday_msgs/camera_oneday_msgs/msg
[0.495s] -- Installing: /home/wook/amr_ws/camera_with_ROS2/install/camera_oneday_msgs/include/camera_oneday_msgs/camera_oneday_msgs/msg/rosidl_typesupport_fastrtps_c__visibility_control.h
[0.495s] -- Installing: /home/wook/amr_ws/camera_with_ROS2/install/camera_oneday_msgs/lib/libcamera_oneday_msgs__rosidl_typesupport_fastrtps_c.so
[0.495s] -- Set runtime path of "/home/wook/amr_ws/camera_with_ROS2/install/camera_oneday_msgs/lib/libcamera_oneday_msgs__rosidl_typesupport_fastrtps_c.so" to ""
[0.496s] -- Up-to-date: /home/wook/amr_ws/camera_with_ROS2/install/camera_oneday_msgs/include/camera_oneday_msgs/camera_oneday_msgs
[0.496s] -- Up-to-date: /home/wook/amr_ws/camera_with_ROS2/install/camera_oneday_msgs/include/camera_oneday_msgs/camera_oneday_msgs/srv
[0.496s] -- Up-to-date: /home/wook/amr_ws/camera_with_ROS2/install/camera_oneday_msgs/include/camera_oneday_msgs/camera_oneday_msgs/srv/detail
[0.496s] -- Installing: /home/wook/amr_ws/camera_with_ROS2/install/camera_oneday_msgs/include/camera_oneday_msgs/camera_oneday_msgs/srv/detail/capture__rosidl_typesupport_introspection_c.h
[0.496s] -- Installing: /home/wook/amr_ws/camera_with_ROS2/install/camera_oneday_msgs/include/camera_oneday_msgs/camera_oneday_msgs/srv/detail/record__rosidl_typesupport_introspection_c.h
[0.496s] -- Installing: /home/wook/amr_ws/camera_with_ROS2/install/camera_oneday_msgs/include/camera_oneday_msgs/camera_oneday_msgs/srv/detail/capture__type_support.c
[0.496s] -- Installing: /home/wook/amr_ws/camera_with_ROS2/install/camera_oneday_msgs/include/camera_oneday_msgs/camera_oneday_msgs/srv/detail/record__type_support.c
[0.496s] -- Up-to-date: /home/wook/amr_ws/camera_with_ROS2/install/camera_oneday_msgs/include/camera_oneday_msgs/camera_oneday_msgs/msg
[0.496s] -- Installing: /home/wook/amr_ws/camera_with_ROS2/install/camera_oneday_msgs/include/camera_oneday_msgs/camera_oneday_msgs/msg/rosidl_typesupport_introspection_c__visibility_control.h
[0.496s] -- Installing: /home/wook/amr_ws/camera_with_ROS2/install/camera_oneday_msgs/lib/libcamera_oneday_msgs__rosidl_typesupport_introspection_c.so
[0.496s] -- Set runtime path of "/home/wook/amr_ws/camera_with_ROS2/install/camera_oneday_msgs/lib/libcamera_oneday_msgs__rosidl_typesupport_introspection_c.so" to ""
[0.496s] -- Installing: /home/wook/amr_ws/camera_with_ROS2/install/camera_oneday_msgs/lib/libcamera_oneday_msgs__rosidl_typesupport_c.so
[0.497s] -- Set runtime path of "/home/wook/amr_ws/camera_with_ROS2/install/camera_oneday_msgs/lib/libcamera_oneday_msgs__rosidl_typesupport_c.so" to ""
[0.497s] -- Up-to-date: /home/wook/amr_ws/camera_with_ROS2/install/camera_oneday_msgs/include/camera_oneday_msgs/camera_oneday_msgs
[0.497s] -- Up-to-date: /home/wook/amr_ws/camera_with_ROS2/install/camera_oneday_msgs/include/camera_oneday_msgs/camera_oneday_msgs/srv
[0.497s] -- Installing: /home/wook/amr_ws/camera_with_ROS2/install/camera_oneday_msgs/include/camera_oneday_msgs/camera_oneday_msgs/srv/record.hpp
[0.497s] -- Installing: /home/wook/amr_ws/camera_with_ROS2/install/camera_oneday_msgs/include/camera_oneday_msgs/camera_oneday_msgs/srv/capture.hpp
[0.497s] -- Up-to-date: /home/wook/amr_ws/camera_with_ROS2/install/camera_oneday_msgs/include/camera_oneday_msgs/camera_oneday_msgs/srv/detail
[0.497s] -- Installing: /home/wook/amr_ws/camera_with_ROS2/install/camera_oneday_msgs/include/camera_oneday_msgs/camera_oneday_msgs/srv/detail/record__builder.hpp
[0.497s] -- Installing: /home/wook/amr_ws/camera_with_ROS2/install/camera_oneday_msgs/include/camera_oneday_msgs/camera_oneday_msgs/srv/detail/capture__builder.hpp
[0.497s] -- Installing: /home/wook/amr_ws/camera_with_ROS2/install/camera_oneday_msgs/include/camera_oneday_msgs/camera_oneday_msgs/srv/detail/record__struct.hpp
[0.497s] -- Installing: /home/wook/amr_ws/camera_with_ROS2/install/camera_oneday_msgs/include/camera_oneday_msgs/camera_oneday_msgs/srv/detail/capture__traits.hpp
[0.497s] -- Installing: /home/wook/amr_ws/camera_with_ROS2/install/camera_oneday_msgs/include/camera_oneday_msgs/camera_oneday_msgs/srv/detail/capture__struct.hpp
[0.497s] -- Installing: /home/wook/amr_ws/camera_with_ROS2/install/camera_oneday_msgs/include/camera_oneday_msgs/camera_oneday_msgs/srv/detail/record__traits.hpp
[0.497s] -- Up-to-date: /home/wook/amr_ws/camera_with_ROS2/install/camera_oneday_msgs/include/camera_oneday_msgs/camera_oneday_msgs
[0.498s] -- Up-to-date: /home/wook/amr_ws/camera_with_ROS2/install/camera_oneday_msgs/include/camera_oneday_msgs/camera_oneday_msgs/srv
[0.498s] -- Up-to-date: /home/wook/amr_ws/camera_with_ROS2/install/camera_oneday_msgs/include/camera_oneday_msgs/camera_oneday_msgs/srv/detail
[0.498s] -- Installing: /home/wook/amr_ws/camera_with_ROS2/install/camera_oneday_msgs/include/camera_oneday_msgs/camera_oneday_msgs/srv/detail/record__rosidl_typesupport_fastrtps_cpp.hpp
[0.498s] -- Installing: /home/wook/amr_ws/camera_with_ROS2/install/camera_oneday_msgs/include/camera_oneday_msgs/camera_oneday_msgs/srv/detail/dds_fastrtps
[0.498s] -- Installing: /home/wook/amr_ws/camera_with_ROS2/install/camera_oneday_msgs/include/camera_oneday_msgs/camera_oneday_msgs/srv/detail/capture__rosidl_typesupport_fastrtps_cpp.hpp
[0.498s] -- Up-to-date: /home/wook/amr_ws/camera_with_ROS2/install/camera_oneday_msgs/include/camera_oneday_msgs/camera_oneday_msgs/msg
[0.498s] -- Installing: /home/wook/amr_ws/camera_with_ROS2/install/camera_oneday_msgs/include/camera_oneday_msgs/camera_oneday_msgs/msg/rosidl_typesupport_fastrtps_cpp__visibility_control.h
[0.498s] -- Installing: /home/wook/amr_ws/camera_with_ROS2/install/camera_oneday_msgs/lib/libcamera_oneday_msgs__rosidl_typesupport_fastrtps_cpp.so
[0.498s] -- Set runtime path of "/home/wook/amr_ws/camera_with_ROS2/install/camera_oneday_msgs/lib/libcamera_oneday_msgs__rosidl_typesupport_fastrtps_cpp.so" to ""
[0.498s] -- Up-to-date: /home/wook/amr_ws/camera_with_ROS2/install/camera_oneday_msgs/include/camera_oneday_msgs/camera_oneday_msgs
[0.498s] -- Up-to-date: /home/wook/amr_ws/camera_with_ROS2/install/camera_oneday_msgs/include/camera_oneday_msgs/camera_oneday_msgs/srv
[0.498s] -- Up-to-date: /home/wook/amr_ws/camera_with_ROS2/install/camera_oneday_msgs/include/camera_oneday_msgs/camera_oneday_msgs/srv/detail
[0.498s] -- Installing: /home/wook/amr_ws/camera_with_ROS2/install/camera_oneday_msgs/include/camera_oneday_msgs/camera_oneday_msgs/srv/detail/capture__rosidl_typesupport_introspection_cpp.hpp
[0.499s] -- Installing: /home/wook/amr_ws/camera_with_ROS2/install/camera_oneday_msgs/include/camera_oneday_msgs/camera_oneday_msgs/srv/detail/record__rosidl_typesupport_introspection_cpp.hpp
[0.499s] -- Installing: /home/wook/amr_ws/camera_with_ROS2/install/camera_oneday_msgs/include/camera_oneday_msgs/camera_oneday_msgs/srv/detail/capture__type_support.cpp
[0.499s] -- Installing: /home/wook/amr_ws/camera_with_ROS2/install/camera_oneday_msgs/include/camera_oneday_msgs/camera_oneday_msgs/srv/detail/record__type_support.cpp
[0.499s] -- Installing: /home/wook/amr_ws/camera_with_ROS2/install/camera_oneday_msgs/lib/libcamera_oneday_msgs__rosidl_typesupport_introspection_cpp.so
[0.499s] -- Set runtime path of "/home/wook/amr_ws/camera_with_ROS2/install/camera_oneday_msgs/lib/libcamera_oneday_msgs__rosidl_typesupport_introspection_cpp.so" to ""
[0.499s] -- Installing: /home/wook/amr_ws/camera_with_ROS2/install/camera_oneday_msgs/lib/libcamera_oneday_msgs__rosidl_typesupport_cpp.so
[0.499s] -- Set runtime path of "/home/wook/amr_ws/camera_with_ROS2/install/camera_oneday_msgs/lib/libcamera_oneday_msgs__rosidl_typesupport_cpp.so" to ""
[0.499s] -- Installing: /home/wook/amr_ws/camera_with_ROS2/install/camera_oneday_msgs/share/camera_oneday_msgs/environment/pythonpath.sh
[0.499s] -- Installing: /home/wook/amr_ws/camera_with_ROS2/install/camera_oneday_msgs/share/camera_oneday_msgs/environment/pythonpath.dsv
[0.499s] -- Installing: /home/wook/amr_ws/camera_with_ROS2/install/camera_oneday_msgs/local/lib/python3.10/dist-packages/camera_oneday_msgs-0.0.0-py3.10.egg-info
[0.499s] -- Installing: /home/wook/amr_ws/camera_with_ROS2/install/camera_oneday_msgs/local/lib/python3.10/dist-packages/camera_oneday_msgs-0.0.0-py3.10.egg-info/PKG-INFO
[0.499s] -- Installing: /home/wook/amr_ws/camera_with_ROS2/install/camera_oneday_msgs/local/lib/python3.10/dist-packages/camera_oneday_msgs-0.0.0-py3.10.egg-info/dependency_links.txt
[0.499s] -- Installing: /home/wook/amr_ws/camera_with_ROS2/install/camera_oneday_msgs/local/lib/python3.10/dist-packages/camera_oneday_msgs-0.0.0-py3.10.egg-info/SOURCES.txt
[0.500s] -- Installing: /home/wook/amr_ws/camera_with_ROS2/install/camera_oneday_msgs/local/lib/python3.10/dist-packages/camera_oneday_msgs-0.0.0-py3.10.egg-info/top_level.txt
[0.500s] -- Installing: /home/wook/amr_ws/camera_with_ROS2/install/camera_oneday_msgs/local/lib/python3.10/dist-packages/camera_oneday_msgs
[0.500s] -- Installing: /home/wook/amr_ws/camera_with_ROS2/install/camera_oneday_msgs/local/lib/python3.10/dist-packages/camera_oneday_msgs/_camera_oneday_msgs_s.ep.rosidl_typesupport_introspection_c.c
[0.500s] -- Installing: /home/wook/amr_ws/camera_with_ROS2/install/camera_oneday_msgs/local/lib/python3.10/dist-packages/camera_oneday_msgs/_camera_oneday_msgs_s.ep.rosidl_typesupport_fastrtps_c.c
[0.500s] -- Installing: /home/wook/amr_ws/camera_with_ROS2/install/camera_oneday_msgs/local/lib/python3.10/dist-packages/camera_oneday_msgs/libcamera_oneday_msgs__rosidl_generator_py.so
[0.500s] -- Installing: /home/wook/amr_ws/camera_with_ROS2/install/camera_oneday_msgs/local/lib/python3.10/dist-packages/camera_oneday_msgs/srv
[0.500s] -- Installing: /home/wook/amr_ws/camera_with_ROS2/install/camera_oneday_msgs/local/lib/python3.10/dist-packages/camera_oneday_msgs/srv/_record.py
[0.500s] -- Installing: /home/wook/amr_ws/camera_with_ROS2/install/camera_oneday_msgs/local/lib/python3.10/dist-packages/camera_oneday_msgs/srv/_capture_s.c
[0.500s] -- Installing: /home/wook/amr_ws/camera_with_ROS2/install/camera_oneday_msgs/local/lib/python3.10/dist-packages/camera_oneday_msgs/srv/_capture.py
[0.500s] -- Installing: /home/wook/amr_ws/camera_with_ROS2/install/camera_oneday_msgs/local/lib/python3.10/dist-packages/camera_oneday_msgs/srv/__init__.py
[0.500s] -- Installing: /home/wook/amr_ws/camera_with_ROS2/install/camera_oneday_msgs/local/lib/python3.10/dist-packages/camera_oneday_msgs/srv/_record_s.c
[0.500s] -- Installing: /home/wook/amr_ws/camera_with_ROS2/install/camera_oneday_msgs/local/lib/python3.10/dist-packages/camera_oneday_msgs/camera_oneday_msgs_s__rosidl_typesupport_introspection_c.cpython-310-x86_64-linux-gnu.so
[0.500s] -- Installing: /home/wook/amr_ws/camera_with_ROS2/install/camera_oneday_msgs/local/lib/python3.10/dist-packages/camera_oneday_msgs/__init__.py
[0.500s] -- Installing: /home/wook/amr_ws/camera_with_ROS2/install/camera_oneday_msgs/local/lib/python3.10/dist-packages/camera_oneday_msgs/camera_oneday_msgs_s__rosidl_typesupport_fastrtps_c.cpython-310-x86_64-linux-gnu.so
[0.500s] -- Installing: /home/wook/amr_ws/camera_with_ROS2/install/camera_oneday_msgs/local/lib/python3.10/dist-packages/camera_oneday_msgs/camera_oneday_msgs_s__rosidl_typesupport_c.cpython-310-x86_64-linux-gnu.so
[0.501s] -- Installing: /home/wook/amr_ws/camera_with_ROS2/install/camera_oneday_msgs/local/lib/python3.10/dist-packages/camera_oneday_msgs/_camera_oneday_msgs_s.ep.rosidl_typesupport_c.c
[0.531s] Listing '/home/wook/amr_ws/camera_with_ROS2/install/camera_oneday_msgs/local/lib/python3.10/dist-packages/camera_oneday_msgs'...
[0.531s] Compiling '/home/wook/amr_ws/camera_with_ROS2/install/camera_oneday_msgs/local/lib/python3.10/dist-packages/camera_oneday_msgs/__init__.py'...
[0.531s] Listing '/home/wook/amr_ws/camera_with_ROS2/install/camera_oneday_msgs/local/lib/python3.10/dist-packages/camera_oneday_msgs/srv'...
[0.531s] Compiling '/home/wook/amr_ws/camera_with_ROS2/install/camera_oneday_msgs/local/lib/python3.10/dist-packages/camera_oneday_msgs/srv/__init__.py'...
[0.531s] Compiling '/home/wook/amr_ws/camera_with_ROS2/install/camera_oneday_msgs/local/lib/python3.10/dist-packages/camera_oneday_msgs/srv/_capture.py'...
[0.531s] Compiling '/home/wook/amr_ws/camera_with_ROS2/install/camera_oneday_msgs/local/lib/python3.10/dist-packages/camera_oneday_msgs/srv/_record.py'...
[0.536s] -- Installing: /home/wook/amr_ws/camera_with_ROS2/install/camera_oneday_msgs/local/lib/python3.10/dist-packages/camera_oneday_msgs/camera_oneday_msgs_s__rosidl_typesupport_fastrtps_c.cpython-310-x86_64-linux-gnu.so
[0.536s] -- Set runtime path of "/home/wook/amr_ws/camera_with_ROS2/install/camera_oneday_msgs/local/lib/python3.10/dist-packages/camera_oneday_msgs/camera_oneday_msgs_s__rosidl_typesupport_fastrtps_c.cpython-310-x86_64-linux-gnu.so" to ""
[0.536s] -- Installing: /home/wook/amr_ws/camera_with_ROS2/install/camera_oneday_msgs/local/lib/python3.10/dist-packages/camera_oneday_msgs/camera_oneday_msgs_s__rosidl_typesupport_introspection_c.cpython-310-x86_64-linux-gnu.so
[0.537s] -- Set runtime path of "/home/wook/amr_ws/camera_with_ROS2/install/camera_oneday_msgs/local/lib/python3.10/dist-packages/camera_oneday_msgs/camera_oneday_msgs_s__rosidl_typesupport_introspection_c.cpython-310-x86_64-linux-gnu.so" to ""
[0.537s] -- Installing: /home/wook/amr_ws/camera_with_ROS2/install/camera_oneday_msgs/local/lib/python3.10/dist-packages/camera_oneday_msgs/camera_oneday_msgs_s__rosidl_typesupport_c.cpython-310-x86_64-linux-gnu.so
[0.537s] -- Set runtime path of "/home/wook/amr_ws/camera_with_ROS2/install/camera_oneday_msgs/local/lib/python3.10/dist-packages/camera_oneday_msgs/camera_oneday_msgs_s__rosidl_typesupport_c.cpython-310-x86_64-linux-gnu.so" to ""
[0.537s] -- Installing: /home/wook/amr_ws/camera_with_ROS2/install/camera_oneday_msgs/lib/libcamera_oneday_msgs__rosidl_generator_py.so
[0.537s] -- Set runtime path of "/home/wook/amr_ws/camera_with_ROS2/install/camera_oneday_msgs/lib/libcamera_oneday_msgs__rosidl_generator_py.so" to ""
[0.538s] -- Installing: /home/wook/amr_ws/camera_with_ROS2/install/camera_oneday_msgs/share/camera_oneday_msgs/srv/Capture.idl
[0.538s] -- Installing: /home/wook/amr_ws/camera_with_ROS2/install/camera_oneday_msgs/share/camera_oneday_msgs/srv/Record.idl
[0.538s] -- Installing: /home/wook/amr_ws/camera_with_ROS2/install/camera_oneday_msgs/share/camera_oneday_msgs/srv/Capture.srv
[0.538s] -- Installing: /home/wook/amr_ws/camera_with_ROS2/install/camera_oneday_msgs/share/camera_oneday_msgs/srv/Capture_Request.msg
[0.538s] -- Installing: /home/wook/amr_ws/camera_with_ROS2/install/camera_oneday_msgs/share/camera_oneday_msgs/srv/Capture_Response.msg
[0.538s] -- Installing: /home/wook/amr_ws/camera_with_ROS2/install/camera_oneday_msgs/share/camera_oneday_msgs/srv/Record.srv
[0.538s] -- Installing: /home/wook/amr_ws/camera_with_ROS2/install/camera_oneday_msgs/share/camera_oneday_msgs/srv/Record_Request.msg
[0.538s] -- Installing: /home/wook/amr_ws/camera_with_ROS2/install/camera_oneday_msgs/share/camera_oneday_msgs/srv/Record_Response.msg
[0.539s] -- Installing: /home/wook/amr_ws/camera_with_ROS2/install/camera_oneday_msgs/share/ament_index/resource_index/package_run_dependencies/camera_oneday_msgs
[0.539s] -- Installing: /home/wook/amr_ws/camera_with_ROS2/install/camera_oneday_msgs/share/ament_index/resource_index/parent_prefix_path/camera_oneday_msgs
[0.539s] -- Installing: /home/wook/amr_ws/camera_with_ROS2/install/camera_oneday_msgs/share/camera_oneday_msgs/environment/ament_prefix_path.sh
[0.539s] -- Installing: /home/wook/amr_ws/camera_with_ROS2/install/camera_oneday_msgs/share/camera_oneday_msgs/environment/ament_prefix_path.dsv
[0.539s] -- Installing: /home/wook/amr_ws/camera_with_ROS2/install/camera_oneday_msgs/share/camera_oneday_msgs/environment/path.sh
[0.539s] -- Installing: /home/wook/amr_ws/camera_with_ROS2/install/camera_oneday_msgs/share/camera_oneday_msgs/environment/path.dsv
[0.539s] -- Installing: /home/wook/amr_ws/camera_with_ROS2/install/camera_oneday_msgs/share/camera_oneday_msgs/local_setup.bash
[0.539s] -- Installing: /home/wook/amr_ws/camera_with_ROS2/install/camera_oneday_msgs/share/camera_oneday_msgs/local_setup.sh
[0.539s] -- Installing: /home/wook/amr_ws/camera_with_ROS2/install/camera_oneday_msgs/share/camera_oneday_msgs/local_setup.zsh
[0.540s] -- Installing: /home/wook/amr_ws/camera_with_ROS2/install/camera_oneday_msgs/share/camera_oneday_msgs/local_setup.dsv
[0.540s] -- Installing: /home/wook/amr_ws/camera_with_ROS2/install/camera_oneday_msgs/share/camera_oneday_msgs/package.dsv
[0.540s] -- Installing: /home/wook/amr_ws/camera_with_ROS2/install/camera_oneday_msgs/share/ament_index/resource_index/packages/camera_oneday_msgs
[0.540s] -- Installing: /home/wook/amr_ws/camera_with_ROS2/install/camera_oneday_msgs/share/camera_oneday_msgs/cmake/export_camera_oneday_msgs__rosidl_generator_cExport.cmake
[0.540s] -- Installing: /home/wook/amr_ws/camera_with_ROS2/install/camera_oneday_msgs/share/camera_oneday_msgs/cmake/export_camera_oneday_msgs__rosidl_generator_cExport-noconfig.cmake
[0.540s] -- Installing: /home/wook/amr_ws/camera_with_ROS2/install/camera_oneday_msgs/share/camera_oneday_msgs/cmake/export_camera_oneday_msgs__rosidl_typesupport_fastrtps_cExport.cmake
[0.540s] -- Installing: /home/wook/amr_ws/camera_with_ROS2/install/camera_oneday_msgs/share/camera_oneday_msgs/cmake/export_camera_oneday_msgs__rosidl_typesupport_fastrtps_cExport-noconfig.cmake
[0.540s] -- Installing: /home/wook/amr_ws/camera_with_ROS2/install/camera_oneday_msgs/share/camera_oneday_msgs/cmake/camera_oneday_msgs__rosidl_typesupport_introspection_cExport.cmake
[0.540s] -- Installing: /home/wook/amr_ws/camera_with_ROS2/install/camera_oneday_msgs/share/camera_oneday_msgs/cmake/camera_oneday_msgs__rosidl_typesupport_introspection_cExport-noconfig.cmake
[0.540s] -- Installing: /home/wook/amr_ws/camera_with_ROS2/install/camera_oneday_msgs/share/camera_oneday_msgs/cmake/camera_oneday_msgs__rosidl_typesupport_cExport.cmake
[0.541s] -- Installing: /home/wook/amr_ws/camera_with_ROS2/install/camera_oneday_msgs/share/camera_oneday_msgs/cmake/camera_oneday_msgs__rosidl_typesupport_cExport-noconfig.cmake
[0.541s] -- Installing: /home/wook/amr_ws/camera_with_ROS2/install/camera_oneday_msgs/share/camera_oneday_msgs/cmake/export_camera_oneday_msgs__rosidl_generator_cppExport.cmake
[0.541s] -- Installing: /home/wook/amr_ws/camera_with_ROS2/install/camera_oneday_msgs/share/camera_oneday_msgs/cmake/export_camera_oneday_msgs__rosidl_typesupport_fastrtps_cppExport.cmake
[0.541s] -- Installing: /home/wook/amr_ws/camera_with_ROS2/install/camera_oneday_msgs/share/camera_oneday_msgs/cmake/export_camera_oneday_msgs__rosidl_typesupport_fastrtps_cppExport-noconfig.cmake
[0.541s] -- Installing: /home/wook/amr_ws/camera_with_ROS2/install/camera_oneday_msgs/share/camera_oneday_msgs/cmake/camera_oneday_msgs__rosidl_typesupport_introspection_cppExport.cmake
[0.541s] -- Installing: /home/wook/amr_ws/camera_with_ROS2/install/camera_oneday_msgs/share/camera_oneday_msgs/cmake/camera_oneday_msgs__rosidl_typesupport_introspection_cppExport-noconfig.cmake
[0.541s] -- Installing: /home/wook/amr_ws/camera_with_ROS2/install/camera_oneday_msgs/share/camera_oneday_msgs/cmake/camera_oneday_msgs__rosidl_typesupport_cppExport.cmake
[0.542s] -- Installing: /home/wook/amr_ws/camera_with_ROS2/install/camera_oneday_msgs/share/camera_oneday_msgs/cmake/camera_oneday_msgs__rosidl_typesupport_cppExport-noconfig.cmake
[0.542s] -- Installing: /home/wook/amr_ws/camera_with_ROS2/install/camera_oneday_msgs/share/camera_oneday_msgs/cmake/export_camera_oneday_msgs__rosidl_generator_pyExport.cmake
[0.542s] -- Installing: /home/wook/amr_ws/camera_with_ROS2/install/camera_oneday_msgs/share/camera_oneday_msgs/cmake/export_camera_oneday_msgs__rosidl_generator_pyExport-noconfig.cmake
[0.542s] -- Installing: /home/wook/amr_ws/camera_with_ROS2/install/camera_oneday_msgs/share/camera_oneday_msgs/cmake/rosidl_cmake-extras.cmake
[0.542s] -- Installing: /home/wook/amr_ws/camera_with_ROS2/install/camera_oneday_msgs/share/camera_oneday_msgs/cmake/ament_cmake_export_include_directories-extras.cmake
[0.542s] -- Installing: /home/wook/amr_ws/camera_with_ROS2/install/camera_oneday_msgs/share/camera_oneday_msgs/cmake/ament_cmake_export_libraries-extras.cmake
[0.542s] -- Installing: /home/wook/amr_ws/camera_with_ROS2/install/camera_oneday_msgs/share/camera_oneday_msgs/cmake/ament_cmake_export_targets-extras.cmake
[0.542s] -- Installing: /home/wook/amr_ws/camera_with_ROS2/install/camera_oneday_msgs/share/camera_oneday_msgs/cmake/rosidl_cmake_export_typesupport_targets-extras.cmake
[0.543s] -- Installing: /home/wook/amr_ws/camera_with_ROS2/install/camera_oneday_msgs/share/camera_oneday_msgs/cmake/ament_cmake_export_dependencies-extras.cmake
[0.543s] -- Installing: /home/wook/amr_ws/camera_with_ROS2/install/camera_oneday_msgs/share/camera_oneday_msgs/cmake/rosidl_cmake_export_typesupport_libraries-extras.cmake
[0.543s] -- Installing: /home/wook/amr_ws/camera_with_ROS2/install/camera_oneday_msgs/share/camera_oneday_msgs/cmake/camera_oneday_msgsConfig.cmake
[0.543s] -- Installing: /home/wook/amr_ws/camera_with_ROS2/install/camera_oneday_msgs/share/camera_oneday_msgs/cmake/camera_oneday_msgsConfig-version.cmake
[0.543s] -- Installing: /home/wook/amr_ws/camera_with_ROS2/install/camera_oneday_msgs/share/camera_oneday_msgs/package.xml
[0.545s] Invoked command in '/home/wook/amr_ws/camera_with_ROS2/build/camera_oneday_msgs' returned '0': CMAKE_PREFIX_PATH=${CMAKE_PREFIX_PATH}:/home/wook/amr_ws/camera_with_ROS2/install/opencv_tutorials:/home/wook/dev_ws/install/turtlebot3_teleop:/opt/ros/humble /usr/bin/cmake --install /home/wook/amr_ws/camera_with_ROS2/build/camera_oneday_msgs
