running egg_info
writing ../../build/camera_oneday/camera_oneday.egg-info/PKG-INFO
writing dependency_links to ../../build/camera_oneday/camera_oneday.egg-info/dependency_links.txt
writing entry points to ../../build/camera_oneday/camera_oneday.egg-info/entry_points.txt
writing requirements to ../../build/camera_oneday/camera_oneday.egg-info/requires.txt
writing top-level names to ../../build/camera_oneday/camera_oneday.egg-info/top_level.txt
reading manifest file '../../build/camera_oneday/camera_oneday.egg-info/SOURCES.txt'
writing manifest file '../../build/camera_oneday/camera_oneday.egg-info/SOURCES.txt'
running build
running build_py
copying camera_oneday/combined_publisher.py -> /home/wook/amr_ws/camera_with_ROS2/build/camera_oneday/build/lib/camera_oneday
copying camera_oneday/green_publisher.py -> /home/wook/amr_ws/camera_with_ROS2/build/camera_oneday/build/lib/camera_oneday
copying camera_oneday/optical_publisher.py -> /home/wook/amr_ws/camera_with_ROS2/build/camera_oneday/build/lib/camera_oneday
copying camera_oneday/binary_publisher.py -> /home/wook/amr_ws/camera_with_ROS2/build/camera_oneday/build/lib/camera_oneday
copying camera_oneday/img_publisher.py -> /home/wook/amr_ws/camera_with_ROS2/build/camera_oneday/build/lib/camera_oneday
copying camera_oneday/red_publisher.py -> /home/wook/amr_ws/camera_with_ROS2/build/camera_oneday/build/lib/camera_oneday
copying camera_oneday/blue_publisher.py -> /home/wook/amr_ws/camera_with_ROS2/build/camera_oneday/build/lib/camera_oneday
copying camera_oneday/__init__.py -> /home/wook/amr_ws/camera_with_ROS2/build/camera_oneday/build/lib/camera_oneday
copying camera_oneday/canny_publisher.py -> /home/wook/amr_ws/camera_with_ROS2/build/camera_oneday/build/lib/camera_oneday
copying camera_oneday/blur_publisher.py -> /home/wook/amr_ws/camera_with_ROS2/build/camera_oneday/build/lib/camera_oneday
copying camera_oneday/cartoon_publisher.py -> /home/wook/amr_ws/camera_with_ROS2/build/camera_oneday/build/lib/camera_oneday
copying camera_oneday/camera_server.py -> /home/wook/amr_ws/camera_with_ROS2/build/camera_oneday/build/lib/camera_oneday
copying camera_oneday/edge_publisher.py -> /home/wook/amr_ws/camera_with_ROS2/build/camera_oneday/build/lib/camera_oneday
copying camera_oneday/control_publisher.py -> /home/wook/amr_ws/camera_with_ROS2/build/camera_oneday/build/lib/camera_oneday
running install
running install_lib
copying /home/wook/amr_ws/camera_with_ROS2/build/camera_oneday/build/lib/camera_oneday/combined_publisher.py -> /home/wook/amr_ws/camera_with_ROS2/install/camera_oneday/lib/python3.10/site-packages/camera_oneday
copying /home/wook/amr_ws/camera_with_ROS2/build/camera_oneday/build/lib/camera_oneday/green_publisher.py -> /home/wook/amr_ws/camera_with_ROS2/install/camera_oneday/lib/python3.10/site-packages/camera_oneday
copying /home/wook/amr_ws/camera_with_ROS2/build/camera_oneday/build/lib/camera_oneday/optical_publisher.py -> /home/wook/amr_ws/camera_with_ROS2/install/camera_oneday/lib/python3.10/site-packages/camera_oneday
copying /home/wook/amr_ws/camera_with_ROS2/build/camera_oneday/build/lib/camera_oneday/binary_publisher.py -> /home/wook/amr_ws/camera_with_ROS2/install/camera_oneday/lib/python3.10/site-packages/camera_oneday
copying /home/wook/amr_ws/camera_with_ROS2/build/camera_oneday/build/lib/camera_oneday/red_publisher.py -> /home/wook/amr_ws/camera_with_ROS2/install/camera_oneday/lib/python3.10/site-packages/camera_oneday
copying /home/wook/amr_ws/camera_with_ROS2/build/camera_oneday/build/lib/camera_oneday/blue_publisher.py -> /home/wook/amr_ws/camera_with_ROS2/install/camera_oneday/lib/python3.10/site-packages/camera_oneday
copying /home/wook/amr_ws/camera_with_ROS2/build/camera_oneday/build/lib/camera_oneday/canny_publisher.py -> /home/wook/amr_ws/camera_with_ROS2/install/camera_oneday/lib/python3.10/site-packages/camera_oneday
copying /home/wook/amr_ws/camera_with_ROS2/build/camera_oneday/build/lib/camera_oneday/blur_publisher.py -> /home/wook/amr_ws/camera_with_ROS2/install/camera_oneday/lib/python3.10/site-packages/camera_oneday
copying /home/wook/amr_ws/camera_with_ROS2/build/camera_oneday/build/lib/camera_oneday/cartoon_publisher.py -> /home/wook/amr_ws/camera_with_ROS2/install/camera_oneday/lib/python3.10/site-packages/camera_oneday
copying /home/wook/amr_ws/camera_with_ROS2/build/camera_oneday/build/lib/camera_oneday/camera_server.py -> /home/wook/amr_ws/camera_with_ROS2/install/camera_oneday/lib/python3.10/site-packages/camera_oneday
copying /home/wook/amr_ws/camera_with_ROS2/build/camera_oneday/build/lib/camera_oneday/edge_publisher.py -> /home/wook/amr_ws/camera_with_ROS2/install/camera_oneday/lib/python3.10/site-packages/camera_oneday
copying /home/wook/amr_ws/camera_with_ROS2/build/camera_oneday/build/lib/camera_oneday/control_publisher.py -> /home/wook/amr_ws/camera_with_ROS2/install/camera_oneday/lib/python3.10/site-packages/camera_oneday
byte-compiling /home/wook/amr_ws/camera_with_ROS2/install/camera_oneday/lib/python3.10/site-packages/camera_oneday/combined_publisher.py to combined_publisher.cpython-310.pyc
byte-compiling /home/wook/amr_ws/camera_with_ROS2/install/camera_oneday/lib/python3.10/site-packages/camera_oneday/green_publisher.py to green_publisher.cpython-310.pyc
byte-compiling /home/wook/amr_ws/camera_with_ROS2/install/camera_oneday/lib/python3.10/site-packages/camera_oneday/optical_publisher.py to optical_publisher.cpython-310.pyc
byte-compiling /home/wook/amr_ws/camera_with_ROS2/install/camera_oneday/lib/python3.10/site-packages/camera_oneday/binary_publisher.py to binary_publisher.cpython-310.pyc
byte-compiling /home/wook/amr_ws/camera_with_ROS2/install/camera_oneday/lib/python3.10/site-packages/camera_oneday/red_publisher.py to red_publisher.cpython-310.pyc
byte-compiling /home/wook/amr_ws/camera_with_ROS2/install/camera_oneday/lib/python3.10/site-packages/camera_oneday/blue_publisher.py to blue_publisher.cpython-310.pyc
byte-compiling /home/wook/amr_ws/camera_with_ROS2/install/camera_oneday/lib/python3.10/site-packages/camera_oneday/canny_publisher.py to canny_publisher.cpython-310.pyc
byte-compiling /home/wook/amr_ws/camera_with_ROS2/install/camera_oneday/lib/python3.10/site-packages/camera_oneday/blur_publisher.py to blur_publisher.cpython-310.pyc
byte-compiling /home/wook/amr_ws/camera_with_ROS2/install/camera_oneday/lib/python3.10/site-packages/camera_oneday/cartoon_publisher.py to cartoon_publisher.cpython-310.pyc
byte-compiling /home/wook/amr_ws/camera_with_ROS2/install/camera_oneday/lib/python3.10/site-packages/camera_oneday/camera_server.py to camera_server.cpython-310.pyc
byte-compiling /home/wook/amr_ws/camera_with_ROS2/install/camera_oneday/lib/python3.10/site-packages/camera_oneday/edge_publisher.py to edge_publisher.cpython-310.pyc
byte-compiling /home/wook/amr_ws/camera_with_ROS2/install/camera_oneday/lib/python3.10/site-packages/camera_oneday/control_publisher.py to control_publisher.cpython-310.pyc
running install_data
copying resource/camera_oneday -> /home/wook/amr_ws/camera_with_ROS2/install/camera_oneday/share/ament_index/resource_index/packages
copying package.xml -> /home/wook/amr_ws/camera_with_ROS2/install/camera_oneday/share/camera_oneday
copying launch/camera.launch.py -> /home/wook/amr_ws/camera_with_ROS2/install/camera_oneday/share/camera_oneday/launch
copying param/binary.yaml -> /home/wook/amr_ws/camera_with_ROS2/install/camera_oneday/share/camera_oneday/param
copying param/filter.yaml -> /home/wook/amr_ws/camera_with_ROS2/install/camera_oneday/share/camera_oneday/param
copying param/size.yaml -> /home/wook/amr_ws/camera_with_ROS2/install/camera_oneday/share/camera_oneday/param
