[0.143s] Invoking command in '/home/wook/amr_ws/camera_with_ROS2/build/camera_oneday_msgs': CMAKE_PREFIX_PATH=${CMAKE_PREFIX_PATH}:/home/wook/amr_ws/camera_with_ROS2/install/opencv_tutorials:/home/wook/dev_ws/install/turtlebot3_teleop:/opt/ros/humble /usr/bin/cmake /home/wook/amr_ws/camera_with_ROS2/src/camera_oneday_msgs -DCMAKE_INSTALL_PREFIX=/home/wook/amr_ws/camera_with_ROS2/install/camera_oneday_msgs
[0.151s] -- Found ament_cmake: 1.3.8 (/opt/ros/humble/share/ament_cmake/cmake)
[0.236s] -- Found rosidl_default_generators: 1.2.0 (/opt/ros/humble/share/rosidl_default_generators/cmake)
[0.241s] -- Using all available rosidl_typesupport_c: rosidl_typesupport_fastrtps_c;rosidl_typesupport_introspection_c
[0.249s] -- Found rosidl_adapter: 3.1.5 (/opt/ros/humble/share/rosidl_adapter/cmake)
[0.292s] -- Using all available rosidl_typesupport_cpp: rosidl_typesupport_fastrtps_cpp;rosidl_typesupport_introspection_cpp
[0.501s] -- Found ament_cmake_ros: 0.10.0 (/opt/ros/humble/share/ament_cmake_ros/cmake)
[0.678s] -- Using all available rosidl_typesupport_c: rosidl_typesupport_fastrtps_c;rosidl_typesupport_introspection_c
[0.842s] -- Using all available rosidl_typesupport_cpp: rosidl_typesupport_fastrtps_cpp;rosidl_typesupport_introspection_cpp
[0.860s] -- Found PythonInterp: /usr/bin/python3 (found suitable version "3.10.12", minimum required is "3.6") 
[0.862s] -- Found python_cmake_module: 0.10.0 (/opt/ros/humble/share/python_cmake_module/cmake)
[0.881s] -- Found PythonLibs: /usr/lib/x86_64-linux-gnu/libpython3.10.so (found suitable version "3.10.12", minimum required is "3.5") 
[0.881s] -- Using PYTHON_EXECUTABLE: /usr/bin/python3
[0.881s] -- Using PYTHON_INCLUDE_DIRS: /usr/include/python3.10
[0.881s] -- Using PYTHON_LIBRARIES: /usr/lib/x86_64-linux-gnu/libpython3.10.so
[0.895s] -- Found PythonExtra: .so  
[0.921s] -- Found ament_lint_auto: 0.12.10 (/opt/ros/humble/share/ament_lint_auto/cmake)
[0.944s] -- Added test 'lint_cmake' to check CMake code style
[0.945s] -- Added test 'xmllint' to check XML markup files
[0.947s] -- Configuring done
[0.962s] -- Generating done
[0.963s] -- Build files have been written to: /home/wook/amr_ws/camera_with_ROS2/build/camera_oneday_msgs
